\BOOKMARK [-1][]{part.1}{I Preliminaries}{}
\BOOKMARK [0][]{chapter.1}{1 Significance of this thesis}{part.1}
\BOOKMARK [1][]{section.1.1}{1.1 History of Chaotic RNG}{chapter.1}
\BOOKMARK [1][]{section.1.2}{1.2 Motivation}{chapter.1}
\BOOKMARK [1][]{section.1.3}{1.3 Objectives of this thesis}{chapter.1}
\BOOKMARK [2][]{subsection.1.3.1}{1.3.1 The local research context}{section.1.3}
\BOOKMARK [2][]{subsection.1.3.2}{1.3.2 The objectives}{section.1.3}
\BOOKMARK [1][]{section.1.4}{1.4 Contributions}{chapter.1}
\BOOKMARK [2][]{subsection.1.4.1}{1.4.1 Peer-reviewed International Journals}{section.1.4}
\BOOKMARK [2][]{subsection.1.4.2}{1.4.2 Peer-reviewed International Conferences}{section.1.4}
\BOOKMARK [1][]{section.1.5}{1.5 Thesis Organization}{chapter.1}
\BOOKMARK [1][]{section.1.6}{1.6 Abbreviations}{chapter.1}
\BOOKMARK [1][]{section.1.7}{1.7 Mathematical Symbols}{chapter.1}
\BOOKMARK [0][]{chapter.2}{2 Research Background}{part.1}
\BOOKMARK [1][]{section.2.1}{2.1 The Mathematical Theory of Chaos}{chapter.2}
\BOOKMARK [2][]{subsection.2.1.1}{2.1.1 General Presentation}{section.2.1}
\BOOKMARK [2][]{subsection.2.1.2}{2.1.2 On Devaney's Definition of Chaos}{section.2.1}
\BOOKMARK [2][]{subsection.2.1.3}{2.1.3 Chaotic iterations}{section.2.1}
\BOOKMARK [2][]{subsection.2.1.4}{2.1.4 Chaos Deflation when Computing}{section.2.1}
\BOOKMARK [2][]{subsection.2.1.5}{2.1.5 Optical Chaos}{section.2.1}
\BOOKMARK [1][]{section.2.2}{2.2 General Presentation of \(Pseudo\)Random Generation}{chapter.2}
\BOOKMARK [2][]{subsection.2.2.1}{2.2.1 True Random Number Generators \(TRNGs\)}{section.2.2}
\BOOKMARK [2][]{subsection.2.2.2}{2.2.2 Pseudo Random Number Generators \(PRNGs\)}{section.2.2}
\BOOKMARK [2][]{subsection.2.2.3}{2.2.3 Chaos-based Random Number Generators}{section.2.2}
\BOOKMARK [1][]{section.2.3}{2.3 Statistical Tests for Randomness}{chapter.2}
\BOOKMARK [2][]{subsection.2.3.1}{2.3.1 NIST statistical test suite}{section.2.3}
\BOOKMARK [2][]{subsection.2.3.2}{2.3.2 DieHARD battery of tests}{section.2.3}
\BOOKMARK [2][]{subsection.2.3.3}{2.3.3 ENT test program}{section.2.3}
\BOOKMARK [2][]{subsection.2.3.4}{2.3.4 Comparative test parameters}{section.2.3}
\BOOKMARK [2][]{subsection.2.3.5}{2.3.5 TestU01 Statistical Test}{section.2.3}
\BOOKMARK [1][]{section.2.4}{2.4 FPGA}{chapter.2}
\BOOKMARK [-1][]{part.2}{II Pseudorandom Number Generator Based on Chaotic Iteration}{}
\BOOKMARK [0][]{chapter.3}{3 Computer Science RNGs: an Introduction}{part.2}
\BOOKMARK [0][]{chapter.4}{4 Review of works}{part.2}
\BOOKMARK [1][]{section.4.1}{4.1 Some well-known pseudorandom generators}{chapter.4}
\BOOKMARK [2][]{subsection.4.1.1}{4.1.1 Blum Blum Shub}{section.4.1}
\BOOKMARK [2][]{subsection.4.1.2}{4.1.2 The logistic map}{section.4.1}
\BOOKMARK [2][]{subsection.4.1.3}{4.1.3 XORshift}{section.4.1}
\BOOKMARK [2][]{subsection.4.1.4}{4.1.4 ISAAC}{section.4.1}
\BOOKMARK [1][]{section.4.2}{4.2 CIPRNG, version 1 wang2009}{chapter.4}
\BOOKMARK [2][]{subsection.4.2.1}{4.2.1 Chaotic iterations as PRNG}{section.4.2}
\BOOKMARK [2][]{subsection.4.2.2}{4.2.2 CIPRNG version 1: the algorithm}{section.4.2}
\BOOKMARK [1][]{section.4.3}{4.3 The CIPRNG: Version 2 \040wbg10:ip}{chapter.4}
\BOOKMARK [2][]{subsection.4.3.1}{4.3.1 Defining the sequence mn }{section.4.3}
\BOOKMARK [2][]{subsection.4.3.2}{4.3.2 Chaotic strategy}{section.4.3}
\BOOKMARK [2][]{subsection.4.3.3}{4.3.3 CIPRNG version 2: the algorithm}{section.4.3}
\BOOKMARK [0][]{chapter.5}{5 Investigating the Design of new CIPRNGs}{part.2}
\BOOKMARK [1][]{section.5.1}{5.1 Investigating the CIPRNG Version 1 Algorithm}{chapter.5}
\BOOKMARK [2][]{subsection.5.1.1}{5.1.1 On the periodicity of version 1}{section.5.1}
\BOOKMARK [2][]{subsection.5.1.2}{5.1.2 Security Analysis}{section.5.1}
\BOOKMARK [2][]{subsection.5.1.3}{5.1.3 An Efficient and Cryptographically Secure Generator Based on CIPRNG Version 1}{section.5.1}
\BOOKMARK [1][]{section.5.2}{5.2 CIPRNG Version 2: a Security Proof}{chapter.5}
\BOOKMARK [2][]{subsection.5.2.1}{5.2.1 Algorithm conversion}{section.5.2}
\BOOKMARK [2][]{subsection.5.2.2}{5.2.2 Proof}{section.5.2}
\BOOKMARK [1][]{section.5.3}{5.3 ``LUT'' CIPRNG\(XORshift,XORshift\) Version 3}{chapter.5}
\BOOKMARK [2][]{subsection.5.3.1}{5.3.1 Introduction}{section.5.3}
\BOOKMARK [2][]{subsection.5.3.2}{5.3.2 Sequence m}{section.5.3}
\BOOKMARK [2][]{subsection.5.3.3}{5.3.3 Defining the chaotic strategy S with a LUT}{section.5.3}
\BOOKMARK [2][]{subsection.5.3.4}{5.3.4 LUT CI\(XORshift,XORshift\) Algorithm}{section.5.3}
\BOOKMARK [2][]{subsection.5.3.5}{5.3.5 LUT CI\(XORshift,XORshift\) example of use}{section.5.3}
\BOOKMARK [2][]{subsection.5.3.6}{5.3.6 Security Analysis}{section.5.3}
\BOOKMARK [1][]{section.5.4}{5.4 The version 4 category of CIPRNGs}{chapter.5}
\BOOKMARK [2][]{subsection.5.4.1}{5.4.1 XOR CIPRNG}{section.5.4}
\BOOKMARK [2][]{subsection.5.4.2}{5.4.2 CIPRNG version 4: the algorithm}{section.5.4}
\BOOKMARK [2][]{subsection.5.4.3}{5.4.3 Security Analysis}{section.5.4}
\BOOKMARK [2][]{subsection.5.4.4}{5.4.4 Efficient cryptographic secure PRNG based on CI}{section.5.4}
\BOOKMARK [0][]{chapter.6}{6 Randomness Quality of CIPRNGs}{part.2}
\BOOKMARK [1][]{section.6.1}{6.1 Test results for some PRNGs}{chapter.6}
\BOOKMARK [1][]{section.6.2}{6.2 Test results and comparative analysis for the CIPRNG version 3}{chapter.6}
\BOOKMARK [1][]{section.6.3}{6.3 Tests results and comparative analysis for the CIPRNG version 4}{chapter.6}
\BOOKMARK [1][]{section.6.4}{6.4 Assessment of four versions of CIPRNGs schemes using XORshift Generator}{chapter.6}
\BOOKMARK [2][]{subsection.6.4.1}{6.4.1 NIST evaluation}{section.6.4}
\BOOKMARK [2][]{subsection.6.4.2}{6.4.2 Diehard}{section.6.4}
\BOOKMARK [2][]{subsection.6.4.3}{6.4.3 Comparative test parameters}{section.6.4}
\BOOKMARK [0][]{chapter.7}{7 An optimization technique on pseudorandom generators based on chaotic iterations}{part.2}
\BOOKMARK [1][]{section.7.1}{7.1 Presentation of new well known generators}{chapter.7}
\BOOKMARK [2][]{subsection.7.1.1}{7.1.1 Introduction}{section.7.1}
\BOOKMARK [2][]{subsection.7.1.2}{7.1.2 Details of some Existing Generators}{section.7.1}
\BOOKMARK [1][]{section.7.2}{7.2 Results and discussion}{chapter.7}
\BOOKMARK [2][]{subsection.7.2.1}{7.2.1 Tests based on the Single CIPRNG}{section.7.2}
\BOOKMARK [2][]{subsection.7.2.2}{7.2.2 Tests based on the Mixed CIPRNG}{section.7.2}
\BOOKMARK [2][]{subsection.7.2.3}{7.2.3 Tests based on the Multiple CIPRNG}{section.7.2}
\BOOKMARK [2][]{subsection.7.2.4}{7.2.4 Results Summary}{section.7.2}
\BOOKMARK [0][]{chapter.8}{8 Illustrative Example of use of CIPRNGs in the Computer Science Security Field}{part.2}
\BOOKMARK [1][]{section.8.1}{8.1 Introduction}{chapter.8}
\BOOKMARK [1][]{section.8.2}{8.2 Application Evaluation}{chapter.8}
\BOOKMARK [2][]{subsection.8.2.1}{8.2.1 The Proposed Information Hiding Method}{section.8.2}
\BOOKMARK [2][]{subsection.8.2.2}{8.2.2 First Experimental Evaluation of the Proposed Scheme}{section.8.2}
\BOOKMARK [2][]{subsection.8.2.3}{8.2.3 A small evaluation of Encryption}{section.8.2}
\BOOKMARK [1][]{section.8.3}{8.3 Conclusion}{chapter.8}
\BOOKMARK [0][]{chapter.9}{9 FPGA Acceleration of CIPRNGs}{part.2}
\BOOKMARK [1][]{section.9.1}{9.1 introduction}{chapter.9}
\BOOKMARK [1][]{section.9.2}{9.2 CIPRNG design on FPGA}{chapter.9}
\BOOKMARK [2][]{subsection.9.2.1}{9.2.1 Selection of the CIPRNG version}{section.9.2}
\BOOKMARK [2][]{subsection.9.2.2}{9.2.2 Design of XORshift}{section.9.2}
\BOOKMARK [2][]{subsection.9.2.3}{9.2.3 Design of BBS}{section.9.2}
\BOOKMARK [2][]{subsection.9.2.4}{9.2.4 Design of the chaotic iterations}{section.9.2}
\BOOKMARK [0][]{chapter.10}{10 Software and Hardware Implementation of a Watermarking Scheme using CIPRNG}{part.2}
\BOOKMARK [1][]{section.10.1}{10.1 Introduction}{chapter.10}
\BOOKMARK [1][]{section.10.2}{10.2 Definition of our Chaos-Based Information Hiding Scheme}{chapter.10}
\BOOKMARK [2][]{subsection.10.2.1}{10.2.1 Most and least significant coefficients}{section.10.2}
\BOOKMARK [2][]{subsection.10.2.2}{10.2.2 Stages of the algorithm}{section.10.2}
\BOOKMARK [1][]{section.10.3}{10.3 Implementations: from software to hardware}{chapter.10}
\BOOKMARK [2][]{subsection.10.3.1}{10.3.1 Software Implementation: Experimental Protocol}{section.10.3}
\BOOKMARK [2][]{subsection.10.3.2}{10.3.2 Hardware Implementation}{section.10.3}
\BOOKMARK [1][]{section.10.4}{10.4 Robustness evaluation}{chapter.10}
\BOOKMARK [-1][]{part.3}{III Random Number Generators Based On Optoelectronic Chaotic Laser}{}
\BOOKMARK [0][]{chapter.11}{11 Introduction}{part.3}
\BOOKMARK [0][]{chapter.12}{12 Noise And Chaos Contributions in Fast Random Bit Sequences Generated From Broadband Optoelectronic Entropy Sources}{part.3}
\BOOKMARK [1][]{section.12.1}{12.1 Method for Random Bit Sequence Generation from an Optoelectronic Signal}{chapter.12}
\BOOKMARK [2][]{subsection.12.1.1}{12.1.1 Setup delivering a broadband optoelectronic signal}{section.12.1}
\BOOKMARK [2][]{subsection.12.1.2}{12.1.2 Extraction method for the random binary sequence}{section.12.1}
\BOOKMARK [1][]{section.12.2}{12.2 Effect of Noise on the Entropy Rate in the Binary Sequence}{chapter.12}
\BOOKMARK [2][]{subsection.12.2.1}{12.2.1 Introducing noise in the simulated chaotic dynamics}{section.12.2}
\BOOKMARK [2][]{subsection.12.2.2}{12.2.2 Entropy estimation for each bit cell}{section.12.2}
\BOOKMARK [1][]{section.12.3}{12.3 Statistical Tests}{chapter.12}
\BOOKMARK [2][]{subsection.12.3.1}{12.3.1 The tested streams}{section.12.3}
\BOOKMARK [2][]{subsection.12.3.2}{12.3.2 Statistical tests}{section.12.3}
\BOOKMARK [1][]{section.12.4}{12.4 Discussion, Conclusion, and Perspectives}{chapter.12}
\BOOKMARK [0][]{chapter.13}{13 CI Random Stream Generation Via Optoelectronic Chaotic Laser}{part.3}
\BOOKMARK [1][]{section.13.1}{13.1 Setup of a broadband optoelectronic chaotic laser signal}{chapter.13}
\BOOKMARK [1][]{section.13.2}{13.2 Random stream generation approach by applying CI method to chaotic laser}{chapter.13}
\BOOKMARK [2][]{subsection.13.2.1}{13.2.1 The proposed scheme}{section.13.2}
\BOOKMARK [2][]{subsection.13.2.2}{13.2.2 Examples of processing}{section.13.2}
\BOOKMARK [1][]{section.13.3}{13.3 NIST test results}{chapter.13}
\BOOKMARK [-1][]{part.4}{IV Conclusion and Perspectives}{}
\BOOKMARK [0][]{chapter.14}{14 Conclusion}{part.4}
\BOOKMARK [1][]{section.14.1}{14.1 CI method}{chapter.14}
\BOOKMARK [1][]{section.14.2}{14.2 Optical source}{chapter.14}
\BOOKMARK [0][]{chapter.15}{15 Perspectives}{part.4}
\BOOKMARK [1][]{section.15.1}{15.1 CI method}{chapter.15}
\BOOKMARK [1][]{section.15.2}{15.2 Optical source}{chapter.15}
