This is pdfTeX, Version 3.1415926-1.40.10 (TeX Live 2009/Debian) (format=pdflatex 2012.5.18)  13 DEC 2012 15:10
entering extended mode
 %&-line parsing enabled.
**main
(./main.tex
LaTeX2e <2009/09/24>
Babel <v3.8l> and hyphenation patterns for english, usenglishmax, dumylang, noh
yphenation, farsi, arabic, croatian, bulgarian, ukrainian, russian, czech, slov
ak, danish, dutch, finnish, french, basque, ngerman, german, german-x-2009-06-1
9, ngerman-x-2009-06-19, ibycus, monogreek, greek, ancientgreek, hungarian, san
skrit, italian, latin, latvian, lithuanian, mongolian2a, mongolian, bokmal, nyn
orsk, romanian, irish, coptic, serbian, turkish, welsh, esperanto, uppersorbian
, estonian, indonesian, interlingua, icelandic, kurmanji, slovenian, polish, po
rtuguese, spanish, galician, catalan, swedish, ukenglish, pinyin, loaded.
(./ThesisStyle.cls
Document Class: ThesisStyle 2004/02/16 v1.4f Standard LaTeX document class
(/usr/share/texmf-texlive/tex/latex/base/bk11.clo
File: bk11.clo 2007/10/19 v1.4h Standard LaTeX file (size option)
)
\c@part=\count79
\c@chapter=\count80
\c@section=\count81
\c@subsection=\count82
\c@subsubsection=\count83
\c@paragraph=\count84
\c@subparagraph=\count85
\c@figure=\count86
\c@table=\count87
\abovecaptionskip=\skip41
\belowcaptionskip=\skip42
\bibindent=\dimen102
)
(/usr/share/texmf-texlive/tex/latex/amsmath/amsmath.sty
Package: amsmath 2000/07/18 v2.13 AMS math features
\@mathmargin=\skip43

For additional information on amsmath, use the `?' option.
(/usr/share/texmf-texlive/tex/latex/amsmath/amstext.sty
Package: amstext 2000/06/29 v2.01

(/usr/share/texmf-texlive/tex/latex/amsmath/amsgen.sty
File: amsgen.sty 1999/11/30 v2.0
\@emptytoks=\toks14
\ex@=\dimen103
))
(/usr/share/texmf-texlive/tex/latex/amsmath/amsbsy.sty
Package: amsbsy 1999/11/29 v1.2d
\pmbraise@=\dimen104
)
(/usr/share/texmf-texlive/tex/latex/amsmath/amsopn.sty
Package: amsopn 1999/12/14 v2.01 operator names
)
\inf@bad=\count88
LaTeX Info: Redefining \frac on input line 211.
\uproot@=\count89
\leftroot@=\count90
LaTeX Info: Redefining \overline on input line 307.
\classnum@=\count91
\DOTSCASE@=\count92
LaTeX Info: Redefining \ldots on input line 379.
LaTeX Info: Redefining \dots on input line 382.
LaTeX Info: Redefining \cdots on input line 467.
\Mathstrutbox@=\box26
\strutbox@=\box27
\big@size=\dimen105
LaTeX Font Info:    Redeclaring font encoding OML on input line 567.
LaTeX Font Info:    Redeclaring font encoding OMS on input line 568.
\macc@depth=\count93
\c@MaxMatrixCols=\count94
\dotsspace@=\muskip10
\c@parentequation=\count95
\dspbrk@lvl=\count96
\tag@help=\toks15
\row@=\count97
\column@=\count98
\maxfields@=\count99
\andhelp@=\toks16
\eqnshift@=\dimen106
\alignsep@=\dimen107
\tagshift@=\dimen108
\tagwidth@=\dimen109
\totwidth@=\dimen110
\lineht@=\dimen111
\@envbody=\toks17
\multlinegap=\skip44
\multlinetaggap=\skip45
\mathdisplay@stack=\toks18
LaTeX Info: Redefining \[ on input line 2666.
LaTeX Info: Redefining \] on input line 2667.
)
(/usr/share/texmf-texlive/tex/latex/amsfonts/amssymb.sty
Package: amssymb 2009/06/22 v3.00

(/usr/share/texmf-texlive/tex/latex/amsfonts/amsfonts.sty
Package: amsfonts 2009/06/22 v3.00 Basic AMSFonts support
\symAMSa=\mathgroup4
\symAMSb=\mathgroup5
LaTeX Font Info:    Overwriting math alphabet `\mathfrak' in version `bold'
(Font)                  U/euf/m/n --> U/euf/b/n on input line 96.
))
(/usr/share/texmf-texlive/tex/latex/base/inputenc.sty
Package: inputenc 2008/03/30 v1.1d Input encoding file
\inpenc@prehook=\toks19
\inpenc@posthook=\toks20

(/usr/share/texmf-texlive/tex/latex/base/latin1.def
File: latin1.def 2008/03/30 v1.1d Input encoding file
))
(/usr/share/texmf-texlive/tex/latex/base/fontenc.sty
Package: fontenc 2005/09/27 v1.99g Standard LaTeX package

(/usr/share/texmf-texlive/tex/latex/base/t1enc.def
File: t1enc.def 2005/09/27 v1.99g Standard LaTeX file
LaTeX Font Info:    Redeclaring font encoding T1 on input line 43.
))
(/usr/share/texmf-texlive/tex/latex/geometry/geometry.sty
Package: geometry 2008/12/21 v4.2 Page Geometry

(/usr/share/texmf-texlive/tex/latex/graphics/keyval.sty
Package: keyval 1999/03/16 v1.13 key=value parser (DPC)
\KV@toks@=\toks21
)
(/usr/share/texmf-texlive/tex/generic/oberdiek/ifpdf.sty
Package: ifpdf 2009/04/10 v2.0 Provides the ifpdf switch (HO)
Package ifpdf Info: pdfTeX in pdf mode detected.
)
(/usr/share/texmf-texlive/tex/generic/oberdiek/ifvtex.sty
Package: ifvtex 2008/11/04 v1.4 Switches for detecting VTeX and its modes (HO)
Package ifvtex Info: VTeX not detected.
)
\Gm@cnth=\count100
\Gm@cntv=\count101
\c@Gm@tempcnt=\count102
\Gm@bindingoffset=\dimen112
\Gm@wd@mp=\dimen113
\Gm@odd@mp=\dimen114
\Gm@even@mp=\dimen115
\Gm@dimlist=\toks22

(/usr/share/texmf-texlive/tex/xelatex/xetexconfig/geometry.cfg))
(/usr/share/texmf-texlive/tex/latex/tocbibind/tocbibind.sty
Package: tocbibind 2009/09/04 v1.5i extra ToC listings


Package tocbibind Note: The document has chapter divisions.


Package tocbibind Note: Using chapter style headings, unless overridden.

) (/usr/share/texmf-texlive/tex/latex/minitoc/minitoc.sty
Package: minitoc 2008/07/16 v60 Package minitoc (JPFD)

(/usr/share/texmf-texlive/tex/latex/minitoc/mtcmess.sty
Package: mtcmess 2006/03/14
)
Package minitoc Info: I0001
(minitoc)             *** minitoc package, version 60 ***.
\tf@mtc=\write3
\mtcindent=\skip46
\mtcskipamount=\skip47
Package minitoc Info: I0005
(minitoc)             compatible with hyperref.
Package minitoc Info: I0023
(minitoc)             part level macros available.
Package minitoc Info: I0003
(minitoc)             chapter level macros available.
\mtc@toks=\toks23
\mtc@strutbox=\box28
\mtc@hstrutbox=\box29
Package minitoc Info: I0002
(minitoc)             Autoconfiguration of extensions.
\openout3 = `main.mtc0'.

\openout3 = `main.mtc'.

 (./main.mtc0)
Package minitoc Info: I0012
(minitoc)             Long extensions (Unix-like) will be used.
Package minitoc Info: I0031
(minitoc)             ==> this version is configured for UNIX-like 
(minitoc)                 (long extensions) file names.
\openout3 = `main.mtc'.

\openout3 = `main.mtc0'.

\c@mtc=\count103
\c@minitocdepth=\count104
\c@ptc=\count105
\c@parttocdepth=\count106
\ptcindent=\skip48
Package minitoc Info: I0010
(minitoc)             The english language is selected.
(minitoc)              on input line 4910.

(/usr/share/texmf-texlive/tex/latex/minitoc/english.mld
File: english.mld 2006/01/13
)
(/usr/share/texmf-texlive/tex/latex/minitoc/english.mld
File: english.mld 2006/01/13
))
(/usr/share/texmf-texlive/tex/latex/ae/aecompl.sty
Package: aecompl 1998/07/23 0.9 T1 Complements for AE fonts (D. Roegel)
)
(/usr/share/texmf-texlive/tex/latex/nomencl/nomencl.sty
Package: nomencl 2005/09/22 v4.2 Nomenclature package (LN)
\nomlabelwidth=\dimen116
\nom@tempdim=\dimen117
\nomitemsep=\skip49
)
\@nomenclaturefile=\write4
\openout4 = `main.nlo'.


Writing nomenclature file main.nlo
(/usr/share/texmf-texlive/tex/latex/graphics/graphicx.sty
Package: graphicx 1999/02/16 v1.0f Enhanced LaTeX Graphics (DPC,SPQR)

(/usr/share/texmf-texlive/tex/latex/graphics/graphics.sty
Package: graphics 2009/02/05 v1.0o Standard LaTeX Graphics (DPC,SPQR)

(/usr/share/texmf-texlive/tex/latex/graphics/trig.sty
Package: trig 1999/03/16 v1.09 sin cos tan (DPC)
)
(/etc/texmf/tex/latex/config/graphics.cfg
File: graphics.cfg 2009/08/28 v1.8 graphics configuration of TeX Live
)
Package graphics Info: Driver file: pdftex.def on input line 91.

(/usr/share/texmf-texlive/tex/latex/pdftex-def/pdftex.def
File: pdftex.def 2010/03/12 v0.04p Graphics/color for pdfTeX
\Gread@gobject=\count107
))
\Gin@req@height=\dimen118
\Gin@req@width=\dimen119
)
(/usr/share/texmf-texlive/tex/latex/hyperref/hyperref.sty
Package: hyperref 2009/10/09 v6.79a Hypertext links for LaTeX

(/usr/share/texmf-texlive/tex/generic/ifxetex/ifxetex.sty
Package: ifxetex 2009/01/23 v0.5 Provides ifxetex conditional
)
(/usr/share/texmf-texlive/tex/latex/oberdiek/hycolor.sty
Package: hycolor 2009/10/02 v1.5 Code for color options of hyperref/bookmark (H
O)

(/usr/share/texmf-texlive/tex/latex/oberdiek/xcolor-patch.sty
Package: xcolor-patch 2009/10/02 xcolor patch
))
\@linkdim=\dimen120
\Hy@linkcounter=\count108
\Hy@pagecounter=\count109

(/usr/share/texmf-texlive/tex/latex/hyperref/pd1enc.def
File: pd1enc.def 2009/10/09 v6.79a Hyperref: PDFDocEncoding definition (HO)
)
(/usr/share/texmf-texlive/tex/generic/oberdiek/etexcmds.sty
Package: etexcmds 2007/12/12 v1.2 Prefix for e-TeX command names (HO)

(/usr/share/texmf-texlive/tex/generic/oberdiek/infwarerr.sty
Package: infwarerr 2007/09/09 v1.2 Providing info/warning/message (HO)
)
Package etexcmds Info: Could not find \expanded.
(etexcmds)             That can mean that you are not using pdfTeX 1.50 or
(etexcmds)             that some package has redefined \expanded.
(etexcmds)             In the latter case, load this package earlier.
)
(/usr/share/texmf-texlive/tex/latex/latexconfig/hyperref.cfg
File: hyperref.cfg 2002/06/06 v1.2 hyperref configuration of TeXLive
)
(/usr/share/texmf-texlive/tex/latex/oberdiek/kvoptions.sty
Package: kvoptions 2009/08/13 v3.4 Keyval support for LaTeX options (HO)

(/usr/share/texmf-texlive/tex/generic/oberdiek/kvsetkeys.sty
Package: kvsetkeys 2009/07/30 v1.5 Key value parser with default handler suppor
t (HO)
))
Package hyperref Info: Option `hyperindex' set `true' on input line 2864.
Package hyperref Info: Hyper figures OFF on input line 2975.
Package hyperref Info: Link nesting OFF on input line 2980.
Package hyperref Info: Hyper index ON on input line 2983.
Package hyperref Info: Plain pages OFF on input line 2990.
Package hyperref Info: Backreferencing ON on input line 2993.

Implicit mode ON; LaTeX internals redefined
Package hyperref Info: Bookmarks ON on input line 3191.
(/usr/share/texmf-texlive/tex/latex/hyperref/backref.sty
Package: backref 2006/09/05 v1.28 Bibliographical back referencing
)
(/usr/share/texmf-texlive/tex/latex/ltxmisc/url.sty
\Urlmuskip=\muskip11
Package: url 2006/04/12  ver 3.3  Verb mode for urls, etc.
)
LaTeX Info: Redefining \url on input line 3428.

(/usr/share/texmf-texlive/tex/generic/oberdiek/bitset.sty
Package: bitset 2007/09/28 v1.0 Data type bit set (HO)

(/usr/share/texmf-texlive/tex/generic/oberdiek/intcalc.sty
Package: intcalc 2007/09/27 v1.1 Expandable integer calculations (HO)
)
(/usr/share/texmf-texlive/tex/generic/oberdiek/bigintcalc.sty
Package: bigintcalc 2007/11/11 v1.1 Expandable big integer calculations (HO)

(/usr/share/texmf-texlive/tex/generic/oberdiek/pdftexcmds.sty
Package: pdftexcmds 2009/09/23 v0.6 LuaTeX support for pdfTeX utility functions
 (HO)

(/usr/share/texmf-texlive/tex/generic/oberdiek/ifluatex.sty
Package: ifluatex 2009/04/17 v1.2 Provides the ifluatex switch (HO)
Package ifluatex Info: LuaTeX not detected.
)
(/usr/share/texmf-texlive/tex/generic/oberdiek/ltxcmds.sty
Package: ltxcmds 2009/08/05 v1.0 Some LaTeX kernel commands for general use (HO
)
)
Package pdftexcmds Info: LuaTeX not detected.
Package pdftexcmds Info: \pdf@primitive is available.
Package pdftexcmds Info: \pdf@ifprimitive is available.
)))
\Fld@menulength=\count110
\Field@Width=\dimen121
\Fld@charsize=\dimen122
\Field@toks=\toks24
Package hyperref Info: Hyper figures OFF on input line 4377.
Package hyperref Info: Link nesting OFF on input line 4382.
Package hyperref Info: Hyper index ON on input line 4385.
Package hyperref Info: backreferencing ON on input line 4390.
Package hyperref Info: Link coloring OFF on input line 4397.
Package hyperref Info: Link coloring with OCG OFF on input line 4402.
Package hyperref Info: PDF/A mode OFF on input line 4407.

(/usr/share/texmf-texlive/tex/generic/oberdiek/atbegshi.sty
Package: atbegshi 2008/07/31 v1.9 At begin shipout hook (HO)
)
\Hy@abspage=\count111
\c@Item=\count112
\c@Hfootnote=\count113
)
*hyperref using default driver hpdftex*
(/usr/share/texmf-texlive/tex/latex/hyperref/hpdftex.def
File: hpdftex.def 2009/10/09 v6.79a Hyperref driver for pdfTeX
\Fld@listcount=\count114
)
(/usr/share/texmf-texlive/tex/latex/graphics/color.sty
Package: color 2005/11/14 v1.0j Standard LaTeX Color (DPC)

(/etc/texmf/tex/latex/config/color.cfg
File: color.cfg 2007/01/18 v1.5 color configuration of teTeX/TeXLive
)
Package color Info: Driver file: pdftex.def on input line 130.
)
Package hyperref Info: Option `bookmarksopen' set `true' on input line 80.
Package hyperref Info: Option `pdfmenubar' set `true' on input line 80.
Package hyperref Info: Option `colorlinks' set `true' on input line 80.


Package hyperref Warning: Values of option `pdfpagemode':
(hyperref)                * `UseNone'
(hyperref)                * `UseOutlines'
(hyperref)                * `UseThumbs'
(hyperref)                * `FullScreen'
(hyperref)                * `UseOC' (PDF 1.5)
(hyperref)                * `UseAttachments' (PDF 1.6)
(hyperref)                * An empty value disables the option.
(hyperref)                Unknown value `None' on input line 80.

Package hyperref Info: Option `pdffitwindow' set `true' on input line 80.
(/usr/share/texmf-texlive/tex/latex/rotating/rotating.sty
Package: rotating 2009/03/28 v2.16a rotated objects in LaTeX

(/usr/share/texmf-texlive/tex/latex/base/ifthen.sty
Package: ifthen 2001/05/26 v1.1c Standard LaTeX ifthen package (DPC)
)
\c@r@tfl@t=\count115
\rotFPtop=\skip50
\rotFPbot=\skip51
\rot@float@box=\box30
\rot@mess@toks=\toks25
)
(/usr/share/texmf-texlive/tex/latex/fancyhdr/fancyhdr.sty
\fancy@headwidth=\skip52
\f@ncyO@elh=\skip53
\f@ncyO@erh=\skip54
\f@ncyO@olh=\skip55
\f@ncyO@orh=\skip56
\f@ncyO@elf=\skip57
\f@ncyO@erf=\skip58
\f@ncyO@olf=\skip59
\f@ncyO@orf=\skip60
)
(/usr/share/texmf-texlive/tex/latex/txfonts/txfonts.sty
Package: txfonts 2008/01/22 v3.2.1
LaTeX Font Info:    Redeclaring symbol font `operators' on input line 21.
LaTeX Font Info:    Overwriting symbol font `operators' in version `normal'
(Font)                  OT1/cmr/m/n --> OT1/txr/m/n on input line 21.
LaTeX Font Info:    Overwriting symbol font `operators' in version `bold'
(Font)                  OT1/cmr/bx/n --> OT1/txr/m/n on input line 21.
LaTeX Font Info:    Overwriting symbol font `operators' in version `bold'
(Font)                  OT1/txr/m/n --> OT1/txr/bx/n on input line 22.
\symitalic=\mathgroup6
LaTeX Font Info:    Overwriting symbol font `italic' in version `bold'
(Font)                  OT1/txr/m/it --> OT1/txr/bx/it on input line 26.
LaTeX Font Info:    Redeclaring math alphabet \mathbf on input line 29.
LaTeX Font Info:    Overwriting math alphabet `\mathbf' in version `normal'
(Font)                  OT1/cmr/bx/n --> OT1/txr/bx/n on input line 29.
LaTeX Font Info:    Overwriting math alphabet `\mathbf' in version `bold'
(Font)                  OT1/cmr/bx/n --> OT1/txr/bx/n on input line 29.
LaTeX Font Info:    Redeclaring math alphabet \mathit on input line 30.
LaTeX Font Info:    Overwriting math alphabet `\mathit' in version `normal'
(Font)                  OT1/cmr/m/it --> OT1/txr/m/it on input line 30.
LaTeX Font Info:    Overwriting math alphabet `\mathit' in version `bold'
(Font)                  OT1/cmr/bx/it --> OT1/txr/m/it on input line 30.
LaTeX Font Info:    Overwriting math alphabet `\mathit' in version `bold'
(Font)                  OT1/txr/m/it --> OT1/txr/bx/it on input line 31.
LaTeX Font Info:    Redeclaring math alphabet \mathsf on input line 40.
LaTeX Font Info:    Overwriting math alphabet `\mathsf' in version `normal'
(Font)                  OT1/cmss/m/n --> OT1/txss/m/n on input line 40.
LaTeX Font Info:    Overwriting math alphabet `\mathsf' in version `bold'
(Font)                  OT1/cmss/bx/n --> OT1/txss/m/n on input line 40.
LaTeX Font Info:    Overwriting math alphabet `\mathsf' in version `bold'
(Font)                  OT1/txss/m/n --> OT1/txss/b/n on input line 41.
LaTeX Font Info:    Redeclaring math alphabet \mathtt on input line 50.
LaTeX Font Info:    Overwriting math alphabet `\mathtt' in version `normal'
(Font)                  OT1/cmtt/m/n --> OT1/txtt/m/n on input line 50.
LaTeX Font Info:    Overwriting math alphabet `\mathtt' in version `bold'
(Font)                  OT1/cmtt/m/n --> OT1/txtt/m/n on input line 50.
LaTeX Font Info:    Overwriting math alphabet `\mathtt' in version `bold'
(Font)                  OT1/txtt/m/n --> OT1/txtt/b/n on input line 51.
LaTeX Font Info:    Redeclaring symbol font `letters' on input line 58.
LaTeX Font Info:    Overwriting symbol font `letters' in version `normal'
(Font)                  OML/cmm/m/it --> OML/txmi/m/it on input line 58.
LaTeX Font Info:    Overwriting symbol font `letters' in version `bold'
(Font)                  OML/cmm/b/it --> OML/txmi/m/it on input line 58.
LaTeX Font Info:    Overwriting symbol font `letters' in version `bold'
(Font)                  OML/txmi/m/it --> OML/txmi/bx/it on input line 59.
\symlettersA=\mathgroup7
LaTeX Font Info:    Overwriting symbol font `lettersA' in version `bold'
(Font)                  U/txmia/m/it --> U/txmia/bx/it on input line 67.
LaTeX Font Info:    Redeclaring math alphabet \mathfrak on input line 70.
LaTeX Font Info:    Redeclaring symbol font `symbols' on input line 77.
LaTeX Font Info:    Overwriting symbol font `symbols' in version `normal'
(Font)                  OMS/cmsy/m/n --> OMS/txsy/m/n on input line 77.
LaTeX Font Info:    Overwriting symbol font `symbols' in version `bold'
(Font)                  OMS/cmsy/b/n --> OMS/txsy/m/n on input line 77.
LaTeX Font Info:    Overwriting symbol font `symbols' in version `bold'
(Font)                  OMS/txsy/m/n --> OMS/txsy/bx/n on input line 78.
LaTeX Font Info:    Redeclaring symbol font `AMSa' on input line 93.
LaTeX Font Info:    Overwriting symbol font `AMSa' in version `normal'
(Font)                  U/msa/m/n --> U/txsya/m/n on input line 93.
LaTeX Font Info:    Overwriting symbol font `AMSa' in version `bold'
(Font)                  U/msa/m/n --> U/txsya/m/n on input line 93.
LaTeX Font Info:    Overwriting symbol font `AMSa' in version `bold'
(Font)                  U/txsya/m/n --> U/txsya/bx/n on input line 94.
LaTeX Font Info:    Redeclaring symbol font `AMSb' on input line 102.
LaTeX Font Info:    Overwriting symbol font `AMSb' in version `normal'
(Font)                  U/msb/m/n --> U/txsyb/m/n on input line 102.
LaTeX Font Info:    Overwriting symbol font `AMSb' in version `bold'
(Font)                  U/msb/m/n --> U/txsyb/m/n on input line 102.
LaTeX Font Info:    Overwriting symbol font `AMSb' in version `bold'
(Font)                  U/txsyb/m/n --> U/txsyb/bx/n on input line 103.
\symsymbolsC=\mathgroup8
LaTeX Font Info:    Overwriting symbol font `symbolsC' in version `bold'
(Font)                  U/txsyc/m/n --> U/txsyc/bx/n on input line 113.
LaTeX Font Info:    Redeclaring symbol font `largesymbols' on input line 120.
LaTeX Font Info:    Overwriting symbol font `largesymbols' in version `normal'
(Font)                  OMX/cmex/m/n --> OMX/txex/m/n on input line 120.
LaTeX Font Info:    Overwriting symbol font `largesymbols' in version `bold'
(Font)                  OMX/cmex/m/n --> OMX/txex/m/n on input line 120.
LaTeX Font Info:    Overwriting symbol font `largesymbols' in version `bold'
(Font)                  OMX/txex/m/n --> OMX/txex/bx/n on input line 121.
\symlargesymbolsA=\mathgroup9
LaTeX Font Info:    Overwriting symbol font `largesymbolsA' in version `bold'
(Font)                  U/txexa/m/n --> U/txexa/bx/n on input line 129.
LaTeX Info: Redefining \not on input line 1043.
)
(/usr/share/texmf-texlive/tex/latex/colortbl/colortbl.sty
Package: colortbl 2001/02/13 v0.1j Color table columns (DPC)

(/usr/share/texmf-texlive/tex/latex/tools/array.sty
Package: array 2008/09/09 v2.4c Tabular extension package (FMi)
\col@sep=\dimen123
\extrarowheight=\dimen124
\NC@list=\toks26
\extratabsurround=\skip61
\backup@length=\skip62
)
\everycr=\toks27
\minrowclearance=\skip63
)
(/usr/share/texmf-texlive/tex/latex/algorithms/algorithm.sty
Package: algorithm 2009/08/24 v0.1 Document Style `algorithm' - floating enviro
nment

(/usr/share/texmf-texlive/tex/latex/float/float.sty
Package: float 2001/11/08 v1.3d Float enhancements (AL)
\c@float@type=\count116
\float@exts=\toks28
\float@box=\box31
\@float@everytoks=\toks29
\@floatcapt=\box32
)
\@float@every@algorithm=\toks30
\c@algorithm=\count117
)
(/usr/share/texmf-texlive/tex/latex/algorithms/algorithmic.sty
Package: algorithmic 2009/08/24 v0.1 Document Style `algorithmic'
\c@ALC@unique=\count118
\c@ALC@line=\count119
\c@ALC@rem=\count120
\c@ALC@depth=\count121
\ALC@tlm=\skip64
\algorithmicindent=\skip65
)
(/usr/share/texmf-texlive/tex/latex/multirow/multirow.sty
\bigstrutjot=\dimen125
) (./slashbox.sty
slashbox style by K.Yasuoka, May 1993.
\@slashboxa=\box33
\@slashboxb=\box34
\@slashboxc=\box35
\@slashboxwd=\count122
\@slashboxht=\count123
\@slashsepl=\dimen126
\@slashsepr=\dimen127
) (/usr/share/texmf-texlive/tex/latex/oberdiek/epstopdf.sty
Package: epstopdf 2009/10/17 v2.4 Conversion with epstopdf on the fly (HO)

(/usr/share/texmf-texlive/tex/latex/oberdiek/epstopdf-base.sty
Package: epstopdf-base 2009/10/17 v2.4 Base part for package epstopdf

(/usr/share/texmf-texlive/tex/latex/oberdiek/grfext.sty
Package: grfext 2007/09/30 v1.0 Managing graphics extensions (HO)
)

Package epstopdf Warning: Shell escape feature is not enabled.

Package grfext Info: Graphics extension search list:
(grfext)             [.jpg,.eps]
(grfext)             \AppendGraphicsExtensions on input line 433.
(/usr/share/texmf-texlive/tex/latex/latexconfig/epstopdf-sys.cfg
File: epstopdf-sys.cfg 2009/10/26 v1.1 Configuration of epstopdf for TeX Live
)))
(/usr/share/texmf-texlive/tex/latex/doublestroke/dsfont.sty
Package: dsfont 1995/08/01 v0.1 Double stroke roman fonts
)
(/usr/share/texmf-texlive/tex/latex/graphics/epsfig.sty
Package: epsfig 1999/02/16 v1.7a (e)psfig emulation (SPQR)
\epsfxsize=\dimen128
\epsfysize=\dimen129
)
(/usr/share/texmf-texlive/tex/latex/psfrag/psfrag.sty
Package: psfrag 1998/04/11 v3.04 PSfrag (MCG)
\pfg@pcount=\count124
\pfg@scount=\count125
\pfg@temp=\write5
)
(/usr/share/texmf-texlive/tex/latex/stmaryrd/stmaryrd.sty
Package: stmaryrd 1994/03/03 St Mary's Road symbol package
\symstmry=\mathgroup10
LaTeX Font Info:    Overwriting symbol font `stmry' in version `bold'
(Font)                  U/stmry/m/n --> U/stmry/b/n on input line 89.
)
(/usr/share/texmf-texlive/tex/latex/jknapltx/mathrsfs.sty
Package: mathrsfs 1996/01/01 Math RSFS package v1.0 (jk)
\symrsfs=\mathgroup11
)
(/usr/share/texmf-texlive/tex/latex/booktabs/booktabs.sty
Package: booktabs 2005/04/14 v1.61803 publication quality tables
\heavyrulewidth=\dimen130
\lightrulewidth=\dimen131
\cmidrulewidth=\dimen132
\belowrulesep=\dimen133
\belowbottomsep=\dimen134
\aboverulesep=\dimen135
\abovetopsep=\dimen136
\cmidrulesep=\dimen137
\cmidrulekern=\dimen138
\defaultaddspace=\dimen139
\@cmidla=\count126
\@cmidlb=\count127
\@aboverulesep=\dimen140
\@belowrulesep=\dimen141
\@thisruleclass=\count128
\@lastruleclass=\count129
\@thisrulewidth=\dimen142
)
(/usr/share/texmf-texlive/tex/latex/base/alltt.sty
Package: alltt 1997/06/16 v2.0g defines alltt environment
)
(/usr/share/texmf-texlive/tex/latex/ntheorem/ntheorem.sty
Style `ntheorem', Version 1.25 <2005/07/07>
Package: ntheorem 2005/07/07 1.25
\theorem@style=\toks31
\theorem@@style=\toks32
\theorembodyfont=\toks33
\theoremnumbering=\toks34
\theorempreskipamount=\skip66
\theorempostskipamount=\skip67
\theoremindent=\dimen143
\theorem@indent=\dimen144
\theoremheaderfont=\toks35
\theoremseparator=\toks36
\theoremprework=\toks37
\theorempostwork=\toks38
\theoremsymbol=\toks39
\qedsymbol=\toks40
\theoremkeyword=\toks41
\qedsymbol=\toks42
\thm@topsepadd=\skip68
Package ntheorem Info: Standard config file ntheorem.std used on input line 103
8.
(/usr/share/texmf-texlive/tex/latex/ntheorem/ntheorem.std
(/usr/share/texmf-texlive/tex/latex/base/latexsym.sty
Package: latexsym 1998/08/17 v2.2e Standard LaTeX package (lasy symbols)
\symlasy=\mathgroup12
LaTeX Font Info:    Overwriting symbol font `lasy' in version `bold'
(Font)                  U/lasy/m/n --> U/lasy/b/n on input line 47.
)
\c@Theorem=\count130
\c@theorem=\count131
\c@Satz=\count132
\c@satz=\count133
\c@Proposition=\count134
\c@proposition=\count135
\c@Lemma=\count136
\c@lemma=\count137
\c@Korollar=\count138
\c@korollar=\count139
\c@Corollary=\count140
\c@corollary=\count141
\c@Example=\count142
\c@example=\count143
\c@Beispiel=\count144
\c@beispiel=\count145
\c@Bemerkung=\count146
\c@bemerkung=\count147
\c@Anmerkung=\count148
\c@anmerkung=\count149
\c@Remark=\count150
\c@remark=\count151
\c@Definition=\count152
\c@definition=\count153
\c@Proof=\count154
\c@proof=\count155
\c@Beweis=\count156
\c@beweis=\count157
))
(/usr/share/texmf-texlive/tex/latex/subfigure/subfigure.sty
Package: subfigure 2002/03/15 v2.1.5 subfigure package
\subfigtopskip=\skip69
\subfigcapskip=\skip70
\subfigcaptopadj=\dimen145
\subfigbottomskip=\skip71
\subfigcapmargin=\dimen146
\subfiglabelskip=\skip72
\c@subfigure=\count158
\c@lofdepth=\count159
\c@subtable=\count160
\c@lotdepth=\count161

****************************************
* Local config file subfigure.cfg used *
****************************************
(/usr/share/texmf-texlive/tex/latex/subfigure/subfigure.cfg)
\subfig@top=\skip73
\subfig@bottom=\skip74
) (./main.aux
(./part1_introduction.aux) (./part2_reviewsOfBasic.aux

LaTeX Warning: Label `XORshift' multiply defined.

) (./part3_TheDesignAndDevelopmentOfCIPRNG.aux

LaTeX Warning: Label `CSPRNG' multiply defined.


LaTeX Warning: Label `cryptopreuve' multiply defined.


LaTeX Warning: Label `CSPRNG' multiply defined.


LaTeX Warning: Label `cryptopreuve' multiply defined.

) (./part4_StatisticalTestForRandomness.aux

LaTeX Warning: Label `Subsec:DieHARD' multiply defined.


LaTeX Warning: Label `Subsec:DieHARD' multiply defined.

) (./part5_optimazationTechnologyChaoticIteration.aux

LaTeX Warning: Label `equation Oplus' multiply defined.


LaTeX Warning: Label `equation Oplus' multiply defined.


LaTeX Warning: Label `equation Oplus' multiply defined.


LaTeX Warning: Label `equation Oplus' multiply defined.

) (./part6_FPGADesign.aux) (./part7_CIPRNGUsedInApplication.aux))
\openout1 = `main.aux'.

LaTeX Font Info:    Checking defaults for OML/txmi/m/it on input line 227.
LaTeX Font Info:    Try loading font information for OML+txmi on input line 227
.

(/usr/share/texmf-texlive/tex/latex/txfonts/omltxmi.fd
File: omltxmi.fd 2000/12/15 v3.1
)
LaTeX Font Info:    ... okay on input line 227.
LaTeX Font Info:    Checking defaults for T1/cmr/m/n on input line 227.
LaTeX Font Info:    ... okay on input line 227.
LaTeX Font Info:    Checking defaults for OT1/cmr/m/n on input line 227.
LaTeX Font Info:    ... okay on input line 227.
LaTeX Font Info:    Checking defaults for OMS/txsy/m/n on input line 227.
LaTeX Font Info:    Try loading font information for OMS+txsy on input line 227
.

(/usr/share/texmf-texlive/tex/latex/txfonts/omstxsy.fd
File: omstxsy.fd 2000/12/15 v3.1
)
LaTeX Font Info:    ... okay on input line 227.
LaTeX Font Info:    Checking defaults for OMX/txex/m/n on input line 227.
LaTeX Font Info:    Try loading font information for OMX+txex on input line 227
.

(/usr/share/texmf-texlive/tex/latex/txfonts/omxtxex.fd
File: omxtxex.fd 2000/12/15 v3.1
)
LaTeX Font Info:    ... okay on input line 227.
LaTeX Font Info:    Checking defaults for U/txexa/m/n on input line 227.
LaTeX Font Info:    Try loading font information for U+txexa on input line 227.


(/usr/share/texmf-texlive/tex/latex/txfonts/utxexa.fd
File: utxexa.fd 2000/12/15 v3.1
)
LaTeX Font Info:    ... okay on input line 227.
LaTeX Font Info:    Checking defaults for PD1/pdf/m/n on input line 227.
LaTeX Font Info:    ... okay on input line 227.
LaTeX Font Info:    Try loading font information for T1+txr on input line 227.

(/usr/share/texmf-texlive/tex/latex/txfonts/t1txr.fd
File: t1txr.fd 2000/12/15 v3.1
)
*geometry auto-detecting driver*
*geometry detected driver: pdftex*
-------------------- Geometry parameters
paper: a4paper
landscape: --
twocolumn: --
twoside: true
asymmetric: --
h-parts: 108.405pt, 395.15166pt, 93.95122pt
v-parts: 79.49744pt, 686.05197pt, 79.49744pt
hmarginratio: --
vmarginratio: --
lines: --
heightrounded: --
bindingoffset: 0.0pt
truedimen: --
includehead: true
includefoot: true
includemp: --
driver: pdftex
-------------------- Page layout dimensions and switches
\paperwidth  597.50787pt
\paperheight 845.04684pt
\textwidth  395.15166pt
\textheight 625.11522pt
\oddsidemargin  36.13501pt
\evensidemargin 21.68123pt
\topmargin  7.22745pt
\headheight 13.6pt
\headsep    19.8738pt
\footskip   27.46295pt
\marginparwidth 106.0pt
\marginparsep   7.0pt
\columnsep  10.0pt
\skip\footins  10.0pt plus 4.0pt minus 2.0pt
\hoffset 0.0pt
\voffset 0.0pt
\mag 1000
\@twosidetrue \@mparswitchtrue 
(1in=72.27pt, 1cm=28.45pt)
-----------------------
\c@minilofdepth=\count162
\c@minilotdepth=\count163
\c@partlofdepth=\count164
\c@partlotdepth=\count165
\c@sectlofdepth=\count166
\c@sectlotdepth=\count167
Package minitoc(hints) Info: I0049
(minitoc(hints))             ==> You requested the hints option. 
(minitoc(hints))             Some hints are eventually given below.
Package minitoc(hints) Info: I0046
(minitoc(hints))             --- The tocbibind package is loaded. 
(minitoc(hints))             See the minitoc package documentation 
(minitoc(hints))             for specific precautions.

Package minitoc(hints) Warning: W0030
(minitoc(hints))                --- The \part command is altered 
(minitoc(hints))                after minitoc.


Package minitoc(hints) Warning: W0023
(minitoc(hints))                --- It may be the consequence 
(minitoc(hints))                of loading the ``hyperref'' package.


Package minitoc(hints) Warning: W0028
(minitoc(hints))                --- The \chapter command is altered 
(minitoc(hints))                after minitoc.


Package minitoc(hints) Warning: W0023
(minitoc(hints))                --- It may be the consequence 
(minitoc(hints))                of loading the ``hyperref'' package.

(/usr/share/texmf-texlive/tex/context/base/supp-pdf.mkii
[Loading MPS to PDF converter (version 2006.09.02).]
\scratchcounter=\count168
\scratchdimen=\dimen147
\scratchbox=\box36
\nofMPsegments=\count169
\nofMParguments=\count170
\everyMPshowfont=\toks43
\MPscratchCnt=\count171
\MPscratchDim=\dimen148
\MPnumerator=\count172
\everyMPtoPDFconversion=\toks44
)
Package hyperref Info: Link coloring ON on input line 227.
 (/usr/share/texmf-texlive/tex/latex/hyperref/nameref.sty
Package: nameref 2007/05/29 v2.31 Cross-referencing by name of section

(/usr/share/texmf-texlive/tex/latex/oberdiek/refcount.sty
Package: refcount 2008/08/11 v3.1 Data extraction from references (HO)
)
\c@section@level=\count173
)
LaTeX Info: Redefining \ref on input line 227.
LaTeX Info: Redefining \pageref on input line 227.
 (./main.out)
(./main.out)
\@outlinefile=\write6
\openout6 = `main.out'.

\AtBeginShipoutBox=\box37

Underfull \hbox (badness 10000) in paragraph at lines 255--257

 []


Underfull \hbox (badness 10000) in paragraph at lines 255--257

 []


Underfull \hbox (badness 10000) in paragraph at lines 255--257

 []


Underfull \hbox (badness 10000) in paragraph at lines 255--257

 []


Underfull \hbox (badness 10000) in paragraph at lines 255--257

 []


Underfull \hbox (badness 10000) in paragraph at lines 255--257

 []


Underfull \hbox (badness 10000) in paragraph at lines 255--257

 []


Underfull \hbox (badness 10000) in paragraph at lines 255--257

 []


Underfull \hbox (badness 10000) in paragraph at lines 255--257

 []


Underfull \hbox (badness 10000) in paragraph at lines 255--257

 []


Underfull \hbox (badness 10000) in paragraph at lines 255--257

 []

[1
Non-PDF special ignored!


{/var/lib/texmf/fonts/map/pdftex/updmap/pdftex.map}]
LaTeX Font Info:    Try loading font information for OT1+txr on input line 259.


(/usr/share/texmf-texlive/tex/latex/txfonts/ot1txr.fd
File: ot1txr.fd 2000/12/15 v3.1
)
LaTeX Font Info:    Try loading font information for U+txsya on input line 259.


(/usr/share/texmf-texlive/tex/latex/txfonts/utxsya.fd
File: utxsya.fd 2000/12/15 v3.1
)
LaTeX Font Info:    Try loading font information for U+txsyb on input line 259.


(/usr/share/texmf-texlive/tex/latex/txfonts/utxsyb.fd
File: utxsyb.fd 2000/12/15 v3.1
)
LaTeX Font Info:    Try loading font information for U+txmia on input line 259.


(/usr/share/texmf-texlive/tex/latex/txfonts/utxmia.fd
File: utxmia.fd 2000/12/15 v3.1
)
LaTeX Font Info:    Try loading font information for U+txsyc on input line 259.


(/usr/share/texmf-texlive/tex/latex/txfonts/utxsyc.fd
File: utxsyc.fd 2000/12/15 v3.1
)
LaTeX Font Info:    Try loading font information for U+stmry on input line 259.


(/usr/share/texmf-texlive/tex/latex/stmaryrd/Ustmry.fd)
LaTeX Font Info:    Try loading font information for U+rsfs on input line 259.

(/usr/share/texmf-texlive/tex/latex/jknapltx/ursfs.fd
File: ursfs.fd 1998/03/24 rsfs font definition file (jk)
)
LaTeX Font Info:    Try loading font information for U+lasy on input line 259.

(/usr/share/texmf-texlive/tex/latex/base/ulasy.fd
File: ulasy.fd 1998/08/17 v2.2e LaTeX symbol font definitions
) [2]
\openout2 = `part1_introduction.aux'.


(./part1_introduction.tex
Chapter 1.
Package minitoc Info: I0006
(minitoc)             main.mtc1 is empty on input line 3.
pdfTeX warning (ext4): destination with the same identifier (name{page.1}) has 
been already used, duplicate ignored
<to be read again> 
                   \relax 
l.64 
      [1



]pdfTeX warning (ext4): destination with the same identifier (name{page.2}) has
 been already used, duplicate ignored
<to be read again> 
                   \relax 
l.105 
       [2] [3]
LaTeX Font Info:    Try loading font information for OT1+txss on input line 160
.
 (/usr/share/texmf-texlive/tex/latex/txfonts/ot1txss.fd
File: ot1txss.fd 2000/12/15 v3.1
)
LaTeX Font Info:    Font shape `OT1/txss/m/n' will be
(Font)              scaled to size 10.40245pt on input line 160.
LaTeX Font Info:    Font shape `OT1/txss/m/n' will be
(Font)              scaled to size 7.59998pt on input line 160.
LaTeX Font Info:    Font shape `OT1/txss/m/n' will be
(Font)              scaled to size 5.69998pt on input line 160.


Package amsmath Warning: Foreign command \atopwithdelims;
(amsmath)                \frac or \genfrac should be used instead
(amsmath)                 on input line 168.

LaTeX Font Info:    Try loading font information for U+dsrom on input line 176.

(/usr/share/texmf-texlive/tex/latex/doublestroke/Udsrom.fd
File: Udsrom.fd 1995/08/01 v0.1 Double stroke roman font definitions
)) [4]
\openout2 = `part2_reviewsOfBasic.aux'.


(./part2_reviewsOfBasic.tex [5



] [6]
Chapter 2.
Package minitoc Info: I0006
(minitoc)             main.mtc2 is empty on input line 4.
[7

]
LaTeX Font Info:    Try loading font information for OMS+txr on input line 47.
 (/usr/share/texmf-texlive/tex/latex/txfonts/omstxr.fd
File: omstxr.fd 2000/12/15 v3.1
)
LaTeX Font Info:    Font shape `OMS/txr/m/n' in size <10.95> not available
(Font)              Font shape `OMS/txsy/m/n' tried instead on input line 47.
 [8] [9] [10]
[11]
Package hyperref Info: bookmark level for unknown definition defaults to 0 on i
nput line 137.
 [12] [13]

LaTeX Warning: Command \textless invalid in math mode on input line 231.

Package hyperref Info: bookmark level for unknown algorithm defaults to 0 on in
put line 241.
[14]
Underfull \vbox (badness 1472) has occurred while \output is active []

 [15]
Underfull \hbox (badness 10000) in paragraph at lines 350--353

 []


Underfull \hbox (badness 5091) in paragraph at lines 358--360
\T1/txr/m/n/10.95 The ba-sic de-sign pro-ce-dure of the novel gen-er-a-tor is s
ummed up in Al-go-
 []


Underfull \hbox (badness 4967) in paragraph at lines 358--360
\T1/txr/m/n/10.95 rithm [][]5[][]. The in-ter-nal state is $\OML/txmi/m/it/10.9
5 x$\T1/txr/m/n/10.95 , the out-put ar-ray is $\OML/txmi/m/it/10.95 r$\T1/txr/m
/n/10.95 . $\OML/txmi/m/it/10.95 a$ \T1/txr/m/n/10.95 and $\OML/txmi/m/it/10.95
 b$ \T1/txr/m/n/10.95 are
 []


Underfull \hbox (badness 2529) in paragraph at lines 358--360
\T1/txr/m/n/10.95 those com-puted by PRNG1 and PRNG2. Lastly, $\OML/txmi/m/it/1
0.95 k$ \T1/txr/m/n/10.95 and $\OT1/txss/m/n/10.95 N$ \T1/txr/m/n/10.95 are con
-stants and
 []

[16]) [17]
\openout2 = `part3_TheDesignAndDevelopmentOfCIPRNG.aux'.

 (./part3_TheDesignAndDevelopmentOfCIPRNG.tex [18



]
Chapter 3.
Package minitoc Info: I0006
(minitoc)             main.mtc3 is empty on input line 3.
Package epstopdf Info: Source file: <pseudo_orbit.eps>
(epstopdf)                    date: 2012-12-11 09:43:08
(epstopdf)                    size: 206164 bytes
(epstopdf)             Output file: <pseudo_orbit-eps-converted-to.pdf>
(epstopdf)                    date: 2012-12-11 09:43:08
(epstopdf)                    size: 62826 bytes
(epstopdf)             Command: <epstopdf --outfile=pseudo_orbit-eps-converted-
to.pdf pseudo_orbit.eps>
(epstopdf)             \includegraphics on input line 26.
Package epstopdf Info: Output file is already uptodate.
<pseudo_orbit-eps-converted-to.pdf, id=771, 1221.56375pt x 513.92pt>
File: pseudo_orbit-eps-converted-to.pdf Graphic file (type pdf)

<use pseudo_orbit-eps-converted-to.pdf> [19pdfTeX warning (ext4): destination w
ith the same identifier (name{figure.3.1}) has been already used, duplicate ign
ored

\AtBegShi@Output ...ipout \box \AtBeginShipoutBox 
                                                  \fi \fi 
l.37 
      <./pseudo_orbit-eps-converted-to.pdf>] [20pdfTeX warning (ext4): destinat
ion with the same identifier (name{table.3.1}) has been already used, duplicate
 ignored

\AtBegShi@Output ...ipout \box \AtBeginShipoutBox 
                                                  \fi \fi 
l.101 \end{equation}
                    ]
Package hyperref Info: bookmark level for unknown proposition defaults to 0 on 
input line 126.
Package hyperref Info: bookmark level for unknown proof defaults to 0 on input 
line 132.
 [21] [22] [23pdfTeX warning (ext4): destination with the same identifier (name
{table.3.2}) has been already used, duplicate ignored

\AtBegShi@Output ...ipout \box \AtBeginShipoutBox 
                                                  \fi \fi 
l.264 $$
        f_0:(x_1,...,x_\mathsf{N}) \in \mathds{B}^\mathsf{N} \longmapsto]
LaTeX Font Info:    Font shape `OT1/txss/m/n' will be
(Font)              scaled to size 9.49997pt on input line 275.
LaTeX Font Info:    Font shape `OT1/txss/m/n' will be
(Font)              scaled to size 6.64998pt on input line 275.
LaTeX Font Info:    Font shape `OT1/txss/m/n' will be
(Font)              scaled to size 4.74998pt on input line 275.
LaTeX Font Info:    Font shape `OT1/txss/m/n' will be
(Font)              scaled to size 11.39996pt on input line 292.


Package hyperref Warning: Token not allowed in a PDF string (PDFDocEncoding):
(hyperref)                removing `math shift' on input line 292.


Package hyperref Warning: Token not allowed in a PDF string (PDFDocEncoding):
(hyperref)                removing `math shift' on input line 292.

[24]
Package epstopdf Info: Source file: <fy.eps>
(epstopdf)                    date: 2012-12-11 09:43:08
(epstopdf)                    size: 189878 bytes
(epstopdf)             Output file: <fy-eps-converted-to.pdf>
(epstopdf)                    date: 2012-12-11 09:43:08
(epstopdf)                    size: 28147 bytes
(epstopdf)             Command: <epstopdf --outfile=fy-eps-converted-to.pdf fy.
eps>
(epstopdf)             \includegraphics on input line 342.
Package epstopdf Info: Output file is already uptodate.
 <fy-eps-converted-to.pdf, id=843, 574.145pt x 415.5525pt>
File: fy-eps-converted-to.pdf Graphic file (type pdf)

<use fy-eps-converted-to.pdf>
LaTeX Font Info:    Font shape `OT1/txss/m/n' will be
(Font)              scaled to size 8.54997pt on input line 342.
Package epstopdf Info: Source file: <f2y.eps>
(epstopdf)                    date: 2012-12-11 09:43:08
(epstopdf)                    size: 18733270 bytes
(epstopdf)             Output file: <f2y-eps-converted-to.pdf>
(epstopdf)                    date: 2012-12-11 09:43:08
(epstopdf)                    size: 96427 bytes
(epstopdf)             Command: <epstopdf --outfile=f2y-eps-converted-to.pdf f2
y.eps>
(epstopdf)             \includegraphics on input line 344.
Package epstopdf Info: Output file is already uptodate.

<f2y-eps-converted-to.pdf, id=844, 1026.83624pt x 702.625pt>
File: f2y-eps-converted-to.pdf Graphic file (type pdf)

<use f2y-eps-converted-to.pdf>
Package epstopdf Info: Source file: <y.eps>
(epstopdf)                    date: 2012-12-11 09:43:08
(epstopdf)                    size: 174470 bytes
(epstopdf)             Output file: <y-eps-converted-to.pdf>
(epstopdf)                    date: 2012-12-11 09:43:08
(epstopdf)                    size: 28907 bytes
(epstopdf)             Command: <epstopdf --outfile=y-eps-converted-to.pdf y.ep
s>
(epstopdf)             \includegraphics on input line 346.
Package epstopdf Info: Output file is already uptodate.

<y-eps-converted-to.pdf, id=845, 574.145pt x 433.62pt>
File: y-eps-converted-to.pdf Graphic file (type pdf)

<use y-eps-converted-to.pdf>

LaTeX Warning: Float too large for page by 21.78441pt on input line 349.

[25] [26pdfTeX warning (ext4): destination with the same identifier (name{figur
e.3.2}) has been already used, duplicate ignored

\AtBegShi@Output ...ipout \box \AtBeginShipoutBox 
                                                  \fi \fi 
l.363 
       <./fy-eps-converted-to.pdf> <./f2y-eps-converted-to.pdf> <./y-eps-conver
ted-to.pdf>]

LaTeX Warning: Reference `Results of NISTfor new CI' on page 27 undefined on in
put line 376.

Package epstopdf Info: Source file: <nmark.eps>
(epstopdf)                    date: 2012-12-11 09:43:08
(epstopdf)                    size: 15325 bytes
(epstopdf)             Output file: <nmark-eps-converted-to.pdf>
(epstopdf)                    date: 2012-12-11 09:43:08
(epstopdf)                    size: 8312 bytes
(epstopdf)             Command: <epstopdf --outfile=nmark-eps-converted-to.pdf 
nmark.eps>
(epstopdf)             \includegraphics on input line 387.
Package epstopdf Info: Output file is already uptodate.
<nmark-eps-converted-to.pdf, id=893, 686.565pt x 446.66875pt>
File: nmark-eps-converted-to.pdf Graphic file (type pdf)

<use nmark-eps-converted-to.pdf> [27pdfTeX warning (ext4): destination with the
 same identifier (name{figure.3.3}) has been already used, duplicate ignored

\AtBegShi@Output ...ipout \box \AtBeginShipoutBox 
                                                  \fi \fi 
l.433 
       <./nmark-eps-converted-to.pdf>]
Underfull \vbox (badness 5260) has occurred while \output is active []

 [28]
[29]
Underfull \hbox (badness 10000) in paragraph at lines 574--576

 []

[30pdfTeX warning (ext4): destination with the same identifier (name{table.3.3}
) has been already used, duplicate ignored

\AtBegShi@Output ...ipout \box \AtBeginShipoutBox 
                                                  \fi \fi 
l.619 \end{definition}
                      ] [31] [32]

Package hyperref Warning: Token not allowed in a PDF string (PDFDocEncoding):
(hyperref)                removing `math shift' on input line 773.


Package hyperref Warning: Token not allowed in a PDF string (PDFDocEncoding):
(hyperref)                removing `math shift' on input line 773.

[33] [34]

Package hyperref Warning: Token not allowed in a PDF string (PDFDocEncoding):
(hyperref)                removing `math shift' on input line 879.


Package hyperref Warning: Token not allowed in a PDF string (PDFDocEncoding):
(hyperref)                removing `math shift' on input line 879.

[35pdfTeX warning (ext4): destination with the same identifier (name{table.3.4}
) has been already used, duplicate ignored

\AtBegShi@Output ...ipout \box \AtBeginShipoutBox 
                                                  \fi \fi 
l.941 \end{algorithm}
                     ] [36pdfTeX warning (ext4): destination with the same iden
tifier (name{table.3.5}) has been already used, duplicate ignored

\AtBegShi@Output ...ipout \box \AtBeginShipoutBox 
                                                  \fi \fi 
l.988 
      ] [37pdfTeX warning (ext4): destination with the same identifier (name{ta
ble.3.6}) has been already used, duplicate ignored

\AtBegShi@Output ...ipout \box \AtBeginShipoutBox 
                                                  \fi \fi 
l.1043 
       ] [38]
Underfull \hbox (badness 10000) in paragraph at lines 1108--1110

 []


Underfull \hbox (badness 1194) in paragraph at lines 1152--1168
\T1/txr/m/n/10.95 rithm map-ping any string of length $\OML/txmi/m/it/10.95 M \
OT1/txr/m/n/10.95 + \OML/txmi/m/it/10.95 NM \OT1/txr/m/n/10.95 + \OML/txmi/m/it
/10.95 N []x[]g[]\OT1/txr/m/n/10.95 (\OML/txmi/m/it/10.95 S[]\OT1/txr/m/n/10.95
 (1)\OML/txmi/m/it/10.95 ; S[]\OT1/txr/m/n/10.95 (2)\OML/txmi/m/it/10.95 ; :::S
[]\OT1/txr/m/n/10.95 (\OML/txmi/m/it/10.95 M\OT1/txr/m/n/10.95 )\OML/txmi/m/it/
10.95 ; T[]\OT1/txr/m/n/10.95 )$
 []


Underfull \hbox (badness 10000) in paragraph at lines 1152--1168
\OML/txmi/m/it/10.95 g[]\OT1/txr/m/n/10.95 (\OML/txmi/m/it/10.95 S[]\OT1/txr/m/
n/10.95 (1)\OML/txmi/m/it/10.95 ; S[]\OT1/txr/m/n/10.95 (2)\OML/txmi/m/it/10.95
 ; :::S[]\OT1/txr/m/n/10.95 (\OML/txmi/m/it/10.95 M\OT1/txr/m/n/10.95 )\OML/txm
i/m/it/10.95 ; T[]\OT1/txr/m/n/10.95 )\OML/txmi/m/it/10.95 ; :::\OT1/txr/m/n/10
.95 (\OML/txmi/m/it/10.95 x[] [][] g[]\OT1/txr/m/n/10.95 (\OML/txmi/m/it/10.95 
S[]\OT1/txr/m/n/10.95 (1)\OML/txmi/m/it/10.95 ; S[]\OT1/txr/m/n/10.95 (2)\OML/t
xmi/m/it/10.95 ; :::S[]\OT1/txr/m/n/10.95 (\OML/txmi/m/it/10.95 M\OT1/txr/m/n/1
0.95 )\OML/txmi/m/it/10.95 ; T[]\OT1/txr/m/n/10.95 ))$ \T1/txr/m/n/10.95 (Equa-
tion [][]23[][]).
 []

[39] [40] [41]) [42pdfTeX warning (ext4): destination with the same identifier 
(name{table.3.7}) has been already used, duplicate ignored

\AtBegShi@Output ...ipout \box \AtBeginShipoutBox 
                                                  \fi \fi 
l.287 ...de{part3_TheDesignAndDevelopmentOfCIPRNG}
                                                  ]
\openout2 = `part4_StatisticalTestForRandomness.aux'.


(./part4_StatisticalTestForRandomness.tex
Chapter 4.
Package minitoc Info: I0006
(minitoc)             main.mtc4 is empty on input line 3.
[43



] [44] [45] [46] [47] [48]
Underfull \hbox (badness 10000) in paragraph at lines 250--260

 []


Underfull \hbox (badness 10000) in paragraph at lines 260--292

 []

[49]
Underfull \hbox (badness 10000) in paragraph at lines 292--323

 []

[50]
Underfull \hbox (badness 10000) in paragraph at lines 324--340

 []


Underfull \hbox (badness 10000) in paragraph at lines 341--345

 []


Underfull \hbox (badness 10000) in paragraph at lines 347--362

 []

[51]
Overfull \hbox (8.79813pt too wide) in paragraph at lines 391--413
 [][] 
 []


Overfull \hbox (8.92058pt too wide) in paragraph at lines 492--505
 [][] 
 []

[52] [53pdfTeX warning (ext4): destination with the same identifier (name{table
.4.1}) has been already used, duplicate ignored

\AtBegShi@Output ...ipout \box \AtBeginShipoutBox 
                                                  \fi \fi 
l.523 
      ] [54pdfTeX warning (ext4): destination with the same identifier (name{ta
ble.4.2}) has been already used, duplicate ignored

\AtBegShi@Output ...ipout \box \AtBeginShipoutBox 
                                                  \fi \fi 
l.534 
      ]
Package epstopdf Info: Source file: <correlation_c_sc.eps>
(epstopdf)                    date: 2012-12-11 09:43:08
(epstopdf)                    size: 10421 bytes
(epstopdf)             Output file: <correlation_c_sc-eps-converted-to.pdf>
(epstopdf)                    date: 2012-12-11 09:43:08
(epstopdf)                    size: 4069 bytes
(epstopdf)             Command: <epstopdf --outfile=correlation_c_sc-eps-conver
ted-to.pdf correlation_c_sc.eps>
(epstopdf)             \includegraphics on input line 560.
Package epstopdf Info: Output file is already uptodate.

<correlation_c_sc-eps-converted-to.pdf, id=1240, 449.68pt x 338.26375pt>
File: correlation_c_sc-eps-converted-to.pdf Graphic file (type pdf)

<use correlation_c_sc-eps-converted-to.pdf> [55pdfTeX warning (ext4): destinati
on with the same identifier (name{table.4.3}) has been already used, duplicate 
ignored

\AtBegShi@Output ...ipout \box \AtBeginShipoutBox 
                                                  \fi \fi 
l.564 \end{figure}
                  pdfTeX warning (ext4): destination with the same identifier (
name{table.4.4}) has been already used, duplicate ignored

\AtBegShi@Output ...ipout \box \AtBeginShipoutBox 
                                                  \fi \fi 
l.564 \end{figure}
                  ]
Package epstopdf Info: Source file: <N.eps>
(epstopdf)                    date: 2012-12-11 09:43:08
(epstopdf)                    size: 10717 bytes
(epstopdf)             Output file: <N-eps-converted-to.pdf>
(epstopdf)                    date: 2012-12-11 09:43:08
(epstopdf)                    size: 4817 bytes
(epstopdf)             Command: <epstopdf --outfile=N-eps-converted-to.pdf N.ep
s>
(epstopdf)             \includegraphics on input line 576.
Package epstopdf Info: Output file is already uptodate.
 <N-eps-converted-to.pdf, id=1247, 1023.825pt x 642.4pt>
File: N-eps-converted-to.pdf Graphic file (type pdf)

<use N-eps-converted-to.pdf>
Overfull \hbox (14.37108pt too wide) in paragraph at lines 576--578
 [][] 
 []


Overfull \hbox (17.31721pt too wide) in paragraph at lines 604--628
 [][] 
 []

[56pdfTeX warning (ext4): destination with the same identifier (name{figure.4.1
}) has been already used, duplicate ignored

\AtBegShi@Output ...ipout \box \AtBeginShipoutBox 
                                                  \fi \fi 
l.701 
       <./correlation_c_sc-eps-converted-to.pdf>] [57pdfTeX warning (ext4): des
tination with the same identifier (name{table.4.5}) has been already used, dupl
icate ignored

\AtBegShi@Output ...ipout \box \AtBeginShipoutBox 
                                                  \fi \fi 
l.701 
      ]
Overfull \hbox (8.92056pt too wide) in paragraph at lines 720--736
 [][] 
 []

[58pdfTeX warning (ext4): destination with the same identifier (name{figure.4.2
}) has been already used, duplicate ignored

\AtBegShi@Output ...ipout \box \AtBeginShipoutBox 
                                                  \fi \fi 
l.752 
       <./N-eps-converted-to.pdf>] [59pdfTeX warning (ext4): destination with t
he same identifier (name{table.4.6}) has been already used, duplicate ignored

\AtBegShi@Output ...ipout \box \AtBeginShipoutBox 
                                                  \fi \fi 
l.752 
      ]
Underfull \vbox (badness 10000) has occurred while \output is active []

 [60pdfTeX warning (ext4): destination with the same identifier (name{table.4.7
}) has been already used, duplicate ignored

\AtBegShi@Output ...ipout \box \AtBeginShipoutBox 
                                                  \fi \fi 
l.766 
      pdfTeX warning (ext4): destination with the same identifier (name{table.4
.8}) has been already used, duplicate ignored

\AtBegShi@Output ...ipout \box \AtBeginShipoutBox 
                                                  \fi \fi 
l.766 
      ]
Underfull \vbox (badness 3323) has occurred while \output is active []

 [61pdfTeX warning (ext4): destination with the same identifier (name{table.4.9
}) has been already used, duplicate ignored

\AtBegShi@Output ...ipout \box \AtBeginShipoutBox 
                                                  \fi \fi 
l.842 
      ] [62pdfTeX warning (ext4): destination with the same identifier (name{ta
ble.4.10}) has been already used, duplicate ignored

\AtBegShi@Output ...ipout \box \AtBeginShipoutBox 
                                                  \fi \fi 
l.945 
      ]
Underfull \vbox (badness 1527) has occurred while \output is active []

 [63pdfTeX warning (ext4): destination with the same identifier (name{table.4.1
1}) has been already used, duplicate ignored

\AtBegShi@Output ...ipout \box \AtBeginShipoutBox 
                                                  \fi \fi 
l.945 
      ] [64pdfTeX warning (ext4): destination with the same identifier (name{ta
ble.4.12}) has been already used, duplicate ignored

\AtBegShi@Output ...ipout \box \AtBeginShipoutBox 
                                                  \fi \fi 
l.958 
      pdfTeX warning (ext4): destination with the same identifier (name{table.4
.13}) has been already used, duplicate ignored

\AtBegShi@Output ...ipout \box \AtBeginShipoutBox 
                                                  \fi \fi 
l.958 
      ] [65] [66pdfTeX warning (ext4): destination with the same identifier (na
me{table.4.14}) has been already used, duplicate ignored

\AtBegShi@Output ...ipout \box \AtBeginShipoutBox 
                                                  \fi \fi 
l.1112 T
        his Version 3 CI PRNG based on discrete chaotic iterations may utili...
] [67pdfTeX warning (ext4): destination with the same identifier (name{table.4.
15}) has been already used, duplicate ignored

\AtBegShi@Output ...ipout \box \AtBeginShipoutBox 
                                                  \fi \fi 
l.1112 T
        his Version 3 CI PRNG based on discrete chaotic iterations may utili...
] [68pdfTeX warning (ext4): destination with the same identifier (name{table.4.
16}) has been already used, duplicate ignored

\AtBegShi@Output ...ipout \box \AtBeginShipoutBox 
                                                  \fi \fi 
l.1112 T
        his Version 3 CI PRNG based on discrete chaotic iterations may utili...
pdfTeX warning (ext4): destination with the same identifier (name{table.4.17}) 
has been already used, duplicate ignored

\AtBegShi@Output ...ipout \box \AtBeginShipoutBox 
                                                  \fi \fi 
l.1112 T
        his Version 3 CI PRNG based on discrete chaotic iterations may utili...
] [69] [70pdfTeX warning (ext4): destination with the same identifier (name{tab
le.4.18}) has been already used, duplicate ignored

\AtBegShi@Output ...ipout \box \AtBeginShipoutBox 
                                                  \fi \fi 
l.1267 T
        his Version 4 CI PRNG based on discrete chaotic iterations is able t...
] [71pdfTeX warning (ext4): destination with the same identifier (name{table.4.
19}) has been already used, duplicate ignored

\AtBegShi@Output ...ipout \box \AtBeginShipoutBox 
                                                  \fi \fi 
l.1267 T
        his Version 4 CI PRNG based on discrete chaotic iterations is able t...
] [72pdfTeX warning (ext4): destination with the same identifier (name{table.4.
20}) has been already used, duplicate ignored

\AtBegShi@Output ...ipout \box \AtBeginShipoutBox 
                                                  \fi \fi 
l.1267 T
        his Version 4 CI PRNG based on discrete chaotic iterations is able t...
pdfTeX warning (ext4): destination with the same identifier (name{table.4.21}) 
has been already used, duplicate ignored

\AtBegShi@Output ...ipout \box \AtBeginShipoutBox 
                                                  \fi \fi 
l.1267 T
        his Version 4 CI PRNG based on discrete chaotic iterations is able t...
]
Overfull \hbox (33.90398pt too wide) in paragraph at lines 1283--1306
 [][] 
 []

[73] [74pdfTeX warning (ext4): destination with the same identifier (name{table
.4.22}) has been already used, duplicate ignored

\AtBegShi@Output ...ipout \box \AtBeginShipoutBox 
                                                  \fi \fi 
l.1376 
       ]
Package epstopdf Info: Source file: <monobits.eps>
(epstopdf)                    date: 2012-12-11 09:43:08
(epstopdf)                    size: 21022 bytes
(epstopdf)             Output file: <monobits-eps-converted-to.pdf>
(epstopdf)                    date: 2012-12-11 09:43:08
(epstopdf)                    size: 13586 bytes
(epstopdf)             Command: <epstopdf --outfile=monobits-eps-converted-to.p
df monobits.eps>
(epstopdf)             \includegraphics on input line 1381.
Package epstopdf Info: Output file is already uptodate.
 <monobits-eps-converted-to.pdf, id=1379, 420.57124pt x 316.18124pt>
File: monobits-eps-converted-to.pdf Graphic file (type pdf)

<use monobits-eps-converted-to.pdf>
Package epstopdf Info: Source file: <serial.eps>
(epstopdf)                    date: 2012-12-11 09:43:08
(epstopdf)                    size: 21155 bytes
(epstopdf)             Output file: <serial-eps-converted-to.pdf>
(epstopdf)                    date: 2012-12-11 09:43:08
(epstopdf)                    size: 13642 bytes
(epstopdf)             Command: <epstopdf --outfile=serial-eps-converted-to.pdf
 serial.eps>
(epstopdf)             \includegraphics on input line 1393.
Package epstopdf Info: Output file is already uptodate.

<serial-eps-converted-to.pdf, id=1383, 420.57124pt x 316.18124pt>
File: serial-eps-converted-to.pdf Graphic file (type pdf)

<use serial-eps-converted-to.pdf> [75pdfTeX warning (ext4): destination with th
e same identifier (name{table.4.23}) has been already used, duplicate ignored

\AtBegShi@Output ...ipout \box \AtBeginShipoutBox 
                                                  \fi \fi 
l.1398 
       ] [76pdfTeX warning (ext4): destination with the same identifier (name{t
able.4.24}) has been already used, duplicate ignored

\AtBegShi@Output ...ipout \box \AtBeginShipoutBox 
                                                  \fi \fi 
l.1398 
       pdfTeX warning (ext4): destination with the same identifier (name{figure
.4.3}) has been already used, duplicate ignored

\AtBegShi@Output ...ipout \box \AtBeginShipoutBox 
                                                  \fi \fi 
l.1398 
        <./monobits-eps-converted-to.pdf>]
Package epstopdf Info: Source file: <poker.eps>
(epstopdf)                    date: 2012-12-11 09:43:08
(epstopdf)                    size: 21182 bytes
(epstopdf)             Output file: <poker-eps-converted-to.pdf>
(epstopdf)                    date: 2012-12-11 09:43:08
(epstopdf)                    size: 13771 bytes
(epstopdf)             Command: <epstopdf --outfile=poker-eps-converted-to.pdf 
poker.eps>
(epstopdf)             \includegraphics on input line 1404.
Package epstopdf Info: Output file is already uptodate.

<poker-eps-converted-to.pdf, id=1398, 420.57124pt x 316.18124pt>
File: poker-eps-converted-to.pdf Graphic file (type pdf)

<use poker-eps-converted-to.pdf>
Package epstopdf Info: Source file: <runs.eps>
(epstopdf)                    date: 2012-12-11 09:43:08
(epstopdf)                    size: 20901 bytes
(epstopdf)             Output file: <runs-eps-converted-to.pdf>
(epstopdf)                    date: 2012-12-11 09:43:08
(epstopdf)                    size: 13276 bytes
(epstopdf)             Command: <epstopdf --outfile=runs-eps-converted-to.pdf r
uns.eps>
(epstopdf)             \includegraphics on input line 1418.
Package epstopdf Info: Output file is already uptodate.

<runs-eps-converted-to.pdf, id=1400, 420.57124pt x 316.18124pt>
File: runs-eps-converted-to.pdf Graphic file (type pdf)

<use runs-eps-converted-to.pdf>
Package epstopdf Info: Source file: <autocorrelation1.eps>
(epstopdf)                    date: 2012-12-11 09:43:08
(epstopdf)                    size: 20925 bytes
(epstopdf)             Output file: <autocorrelation1-eps-converted-to.pdf>
(epstopdf)                    date: 2012-12-11 09:43:08
(epstopdf)                    size: 13683 bytes
(epstopdf)             Command: <epstopdf --outfile=autocorrelation1-eps-conver
ted-to.pdf autocorrelation1.eps>
(epstopdf)             \includegraphics on input line 1430.
Package epstopdf Info: Output file is already uptodate.

<autocorrelation1-eps-converted-to.pdf, id=1402, 418.56375pt x 314.17375pt>
File: autocorrelation1-eps-converted-to.pdf Graphic file (type pdf)

<use autocorrelation1-eps-converted-to.pdf>
Underfull \vbox (badness 10000) has occurred while \output is active []

 [77pdfTeX warning (ext4): destination with the same identifier (name{figure.4.
4}) has been already used, duplicate ignored

\AtBegShi@Output ...ipout \box \AtBeginShipoutBox 
                                                  \fi \fi 
l.1450 
        <./serial-eps-converted-to.pdf>] [78pdfTeX warning (ext4): destination 
with the same identifier (name{figure.4.5}) has been already used, duplicate ig
nored

\AtBegShi@Output ...ipout \box \AtBeginShipoutBox 
                                                  \fi \fi 
l.1450 
       pdfTeX warning (ext4): destination with the same identifier (name{figure
.4.6}) has been already used, duplicate ignored

\AtBegShi@Output ...ipout \box \AtBeginShipoutBox 
                                                  \fi \fi 
l.1450 
        <./poker-eps-converted-to.pdf> <./runs-eps-converted-to.pdf>]) [79pdfTe
X warning (ext4): destination with the same identifier (name{figure.4.7}) has b
een already used, duplicate ignored

\AtBegShi@Output ...ipout \box \AtBeginShipoutBox 
                                                  \fi \fi 
l.288 \include{part4_StatisticalTestForRandomness}
                                                   <./autocorrelation1-eps-conv
erted-to.pdf>] [80pdfTeX warning (ext4): destination with the same identifier (
name{table.4.25}) has been already used, duplicate ignored

\AtBegShi@Output ...ipout \box \AtBeginShipoutBox 
                                                  \fi \fi 
l.288 \include{part4_StatisticalTestForRandomness}
                                                  ]
\openout2 = `part5_optimazationTechnologyChaoticIteration.aux'.


(./part5_optimazationTechnologyChaoticIteration.tex
Chapter 5.
Package minitoc Info: I0006
(minitoc)             main.mtc5 is empty on input line 2.
[81



]
Package epstopdf Info: Source file: <TYPEPRNG.eps>
(epstopdf)                    date: 2012-12-11 09:43:08
(epstopdf)                    size: 52115 bytes
(epstopdf)             Output file: <TYPEPRNG-eps-converted-to.pdf>
(epstopdf)                    date: 2012-12-11 09:43:08
(epstopdf)                    size: 19046 bytes
(epstopdf)             Command: <epstopdf --outfile=TYPEPRNG-eps-converted-to.p
df TYPEPRNG.eps>
(epstopdf)             \includegraphics on input line 35.
Package epstopdf Info: Output file is already uptodate.
 <TYPEPRNG-eps-converted-to.pdf, id=1447, 322.20375pt x 102.3825pt>
File: TYPEPRNG-eps-converted-to.pdf Graphic file (type pdf)

<use TYPEPRNG-eps-converted-to.pdf>

Package Fancyhdr Warning: \headheight is too small (13.6pt): 
 Make it at least 25.14792pt.
 We now make it that large for the rest of the document.
 This may cause the page layout to be inconsistent, however.

[82pdfTeX warning (ext4): destination with the same identifier (name{figure.5.1
}) has been already used, duplicate ignored

\AtBegShi@Output ...ipout \box \AtBeginShipoutBox 
                                                  \fi \fi 
l.77 ...d{array} \right. \end{array}\end{equation}
                                                   <./TYPEPRNG-eps-converted-to
.pdf>] [83] [84] [85pdfTeX warning (ext4): destination with the same identifier
 (name{table.5.1}) has been already used, duplicate ignored

\AtBegShi@Output ...ipout \box \AtBeginShipoutBox 
                                                  \fi \fi 
l.188 \subsection
                 {Tests based on the Single CIPRNG}] [86] [87pdfTeX warning (ex
t4): destination with the same identifier (name{table.5.2}) has been already us
ed, duplicate ignored

\AtBegShi@Output ...ipout \box \AtBeginShipoutBox 
                                                  \fi \fi 
l.265 
      ]
Overfull \hbox (3.06094pt too wide) in paragraph at lines 321--326
 [][] 
 []

[88]) [89pdfTeX warning (ext4): destination with the same identifier (name{tabl
e.5.3}) has been already used, duplicate ignored

\AtBegShi@Output ...ipout \box \AtBeginShipoutBox 
                                                  \fi \fi 
l.289 ...5_optimazationTechnologyChaoticIteration}
                                                  pdfTeX warning (ext4): destin
ation with the same identifier (name{table.5.4}) has been already used, duplica
te ignored

\AtBegShi@Output ...ipout \box \AtBeginShipoutBox 
                                                  \fi \fi 
l.289 ...5_optimazationTechnologyChaoticIteration}
                                                  ]
\openout2 = `part6_FPGADesign.aux'.

 (./part6_FPGADesign.tex
[90



]
Chapter 6.
[91]
Package epstopdf Info: Source file: <xorshift.eps>
(epstopdf)                    date: 2012-11-26 16:21:46
(epstopdf)                    size: 16244 bytes
(epstopdf)             Output file: <xorshift-eps-converted-to.pdf>
(epstopdf)                    date: 2012-12-13 14:28:25
(epstopdf)                    size: 7856 bytes
(epstopdf)             Command: <epstopdf --outfile=xorshift-eps-converted-to.p
df xorshift.eps>
(epstopdf)             \includegraphics on input line 26.
Package epstopdf Info: Output file is already uptodate.
 <xorshift-eps-converted-to.pdf, id=1551, 298.11375pt x 102.3825pt>
File: xorshift-eps-converted-to.pdf Graphic file (type pdf)

<use xorshift-eps-converted-to.pdf>
Package epstopdf Info: Source file: <bbs.eps>
(epstopdf)                    date: 2012-11-26 16:21:46
(epstopdf)                    size: 15717 bytes
(epstopdf)             Output file: <bbs-eps-converted-to.pdf>
(epstopdf)                    date: 2012-12-13 14:28:25
(epstopdf)                    size: 7828 bytes
(epstopdf)             Command: <epstopdf --outfile=bbs-eps-converted-to.pdf bb
s.eps>
(epstopdf)             \includegraphics on input line 28.
Package epstopdf Info: Output file is already uptodate.

<bbs-eps-converted-to.pdf, id=1552, 260.975pt x 106.3975pt>
File: bbs-eps-converted-to.pdf Graphic file (type pdf)

<use bbs-eps-converted-to.pdf>
Package epstopdf Info: Source file: <ci.eps>
(epstopdf)                    date: 2012-11-26 16:21:46
(epstopdf)                    size: 22570 bytes
(epstopdf)             Output file: <ci-eps-converted-to.pdf>
(epstopdf)                    date: 2012-12-13 14:32:08
(epstopdf)                    size: 9495 bytes
(epstopdf)             Command: <epstopdf --outfile=ci-eps-converted-to.pdf ci.
eps>
(epstopdf)             \includegraphics on input line 52.
Package epstopdf Info: Output file is already uptodate.

<ci-eps-converted-to.pdf, id=1555, 631.35875pt x 201.75375pt>
File: ci-eps-converted-to.pdf Graphic file (type pdf)

<use ci-eps-converted-to.pdf> [92pdfTeX warning (ext4): destination with the sa
me identifier (name{figure.6.1}) has been already used, duplicate ignored

\AtBegShi@Output ...ipout \box \AtBeginShipoutBox 
                                                  \fi \fi 
l.68 
      <./xorshift-eps-converted-to.pdf> <./bbs-eps-converted-to.pdf>]
Package epstopdf Info: Source file: <print.eps>
(epstopdf)                    date: 2012-11-26 16:21:46
(epstopdf)                    size: 2498114 bytes
(epstopdf)             Output file: <print-eps-converted-to.pdf>
(epstopdf)                    date: 2012-12-13 14:42:03
(epstopdf)                    size: 256838 bytes
(epstopdf)             Command: <epstopdf --outfile=print-eps-converted-to.pdf 
print.eps>
(epstopdf)             \includegraphics on input line 71.
Package epstopdf Info: Output file is already uptodate.

<print-eps-converted-to.pdf, id=1576, 469.755pt x 310.15875pt>
File: print-eps-converted-to.pdf Graphic file (type pdf)

<use print-eps-converted-to.pdf>) [93pdfTeX warning (ext4): destination with th
e same identifier (name{figure.6.2}) has been already used, duplicate ignored

\AtBegShi@Output ...ipout \box \AtBeginShipoutBox 
                                                  \fi \fi 
l.290 \include{part6_FPGADesign}
                                pdfTeX warning (ext4): destination with the sam
e identifier (name{figure.6.3}) has been already used, duplicate ignored

\AtBegShi@Output ...ipout \box \AtBeginShipoutBox 
                                                  \fi \fi 
l.290 \include{part6_FPGADesign}
                                 <./ci-eps-converted-to.pdf> <./print-eps-conve
rted-to.pdf>]
\openout2 = `part7_CIPRNGUsedInApplication.aux'.

 (./part7_CIPRNGUsedInApplication.tex [94



]
Chapter 7.
Package minitoc Info: I0006
(minitoc)             main.mtc7 is empty on input line 3.
Package epstopdf Info: Source file: <lena.eps>
(epstopdf)                    date: 2012-12-11 11:48:04
(epstopdf)                    size: 48533 bytes
(epstopdf)             Output file: <lena-eps-converted-to.pdf>
(epstopdf)                    date: 2012-12-11 11:56:32
(epstopdf)                    size: 8016 bytes
(epstopdf)             Command: <epstopdf --outfile=lena-eps-converted-to.pdf l
ena.eps>
(epstopdf)             \includegraphics on input line 19.
Package epstopdf Info: Output file is already uptodate.
<lena-eps-converted-to.pdf, id=1600, 197.73875pt x 197.73875pt>
File: lena-eps-converted-to.pdf Graphic file (type pdf)

<use lena-eps-converted-to.pdf>
Package epstopdf Info: Source file: <Histogram_lena.eps>
(epstopdf)                    date: 2012-12-11 11:48:50
(epstopdf)                    size: 18253 bytes
(epstopdf)             Output file: <Histogram_lena-eps-converted-to.pdf>
(epstopdf)                    date: 2012-12-11 11:56:32
(epstopdf)                    size: 6714 bytes
(epstopdf)             Command: <epstopdf --outfile=Histogram_lena-eps-converte
d-to.pdf Histogram_lena.eps>
(epstopdf)             \includegraphics on input line 25.
Package epstopdf Info: Output file is already uptodate.

<Histogram_lena-eps-converted-to.pdf, id=1601, 421.575pt x 317.185pt>
File: Histogram_lena-eps-converted-to.pdf Graphic file (type pdf)

<use Histogram_lena-eps-converted-to.pdf>
Package epstopdf Info: Source file: <lena_crypt.eps>
(epstopdf)                    date: 2012-12-11 11:49:08
(epstopdf)                    size: 50397 bytes
(epstopdf)             Output file: <lena_crypt-eps-converted-to.pdf>
(epstopdf)                    date: 2012-12-11 11:56:32
(epstopdf)                    size: 41823 bytes
(epstopdf)             Command: <epstopdf --outfile=lena_crypt-eps-converted-to
.pdf lena_crypt.eps>
(epstopdf)             \includegraphics on input line 35.
Package epstopdf Info: Output file is already uptodate.

<lena_crypt-eps-converted-to.pdf, id=1602, 198.7425pt x 198.7425pt>
File: lena_crypt-eps-converted-to.pdf Graphic file (type pdf)

<use lena_crypt-eps-converted-to.pdf>
Package epstopdf Info: Source file: <Histogram_lena_crypt.eps>
(epstopdf)                    date: 2012-12-11 11:49:38
(epstopdf)                    size: 18923 bytes
(epstopdf)             Output file: <Histogram_lena_crypt-eps-converted-to.pdf>

(epstopdf)                    date: 2012-12-11 11:56:34
(epstopdf)                    size: 5262 bytes
(epstopdf)             Command: <epstopdf --outfile=Histogram_lena_crypt-eps-co
nverted-to.pdf Histogram_lena_crypt.eps>
(epstopdf)             \includegraphics on input line 41.
Package epstopdf Info: Output file is already uptodate.

<Histogram_lena_crypt-eps-converted-to.pdf, id=1603, 421.575pt x 317.185pt>
File: Histogram_lena_crypt-eps-converted-to.pdf Graphic file (type pdf)

<use Histogram_lena_crypt-eps-converted-to.pdf>
Package epstopdf Info: Source file: <Correlation_distribution_of_the_original_i
mage.eps>
(epstopdf)                    date: 2012-12-11 11:50:38
(epstopdf)                    size: 666628 bytes
(epstopdf)             Output file: <Correlation_distribution_of_the_original_i
mage-eps-converted-to.pdf>
(epstopdf)                    date: 2012-12-11 11:56:36
(epstopdf)                    size: 1558714 bytes
(epstopdf)             Command: <epstopdf --outfile=Correlation_distribution_of
_the_original_image-eps-converted-to.pdf Correlation_distribution_of_the_origin
al_image.eps>
(epstopdf)             \includegraphics on input line 55.
Package epstopdf Info: Output file is already uptodate.

<Correlation_distribution_of_the_original_image-eps-converted-to.pdf, id=1610, 
449.68pt x 338.26375pt>
File: Correlation_distribution_of_the_original_image-eps-converted-to.pdf Graph
ic file (type pdf)

<use Correlation_distribution_of_the_original_image-eps-converted-to.pdf>
Package epstopdf Info: Source file: <Correlation_distribution_of_the_encrypted_
image.eps>
(epstopdf)                    date: 2012-12-11 11:56:18
(epstopdf)                    size: 538630 bytes
(epstopdf)             Output file: <Correlation_distribution_of_the_encrypted_
image-eps-converted-to.pdf>
(epstopdf)                    date: 2012-12-11 11:56:40
(epstopdf)                    size: 1480799 bytes
(epstopdf)             Command: <epstopdf --outfile=Correlation_distribution_of
_the_encrypted_image-eps-converted-to.pdf Correlation_distribution_of_the_encry
pted_image.eps>
(epstopdf)             \includegraphics on input line 61.
Package epstopdf Info: Output file is already uptodate.

<Correlation_distribution_of_the_encrypted_image-eps-converted-to.pdf, id=1611,
 449.68pt x 338.26375pt>
File: Correlation_distribution_of_the_encrypted_image-eps-converted-to.pdf Grap
hic file (type pdf)

<use Correlation_distribution_of_the_encrypted_image-eps-converted-to.pdf>
[95pdfTeX warning (ext4): destination with the same identifier (name{table.7.1}
) has been already used, duplicate ignored

\AtBegShi@Output ...ipout \box \AtBeginShipoutBox 
                                                  \fi \fi 
l.85 
     ] [96pdfTeX warning (ext4): destination with the same identifier (name{fig
ure.7.1}) has been already used, duplicate ignored

\AtBegShi@Output ...ipout \box \AtBeginShipoutBox 
                                                  \fi \fi 
l.85 
     pdfTeX warning (ext4): destination with the same identifier (name{figure.7
.2}) has been already used, duplicate ignored

\AtBegShi@Output ...ipout \box \AtBeginShipoutBox 
                                                  \fi \fi 
l.85 
      <./lena-eps-converted-to.pdf> <./Histogram_lena-eps-converted-to.pdf> <./
lena_crypt-eps-converted-to.pdf> <./Histogram_lena_crypt-eps-converted-to.pdf>]
Package hyperref Info: bookmark level for unknown Definition defaults to 0 on i
nput line 99.
[97pdfTeX warning (ext4): destination with the same identifier (name{figure.7.3
}) has been already used, duplicate ignored

\AtBegShi@Output ...ipout \box \AtBeginShipoutBox 
                                                  \fi \fi 
l.104 
       <./Correlation_distribution_of_the_original_image-eps-converted-to.pdf> 
<./Correlation_distribution_of_the_encrypted_image-eps-converted-to.pdf>]
Package epstopdf Info: Source file: <lena512.eps>
(epstopdf)                    date: 2012-12-11 15:38:38
(epstopdf)                    size: 330255 bytes
(epstopdf)             Output file: <lena512-eps-converted-to.pdf>
(epstopdf)                    date: 2012-12-11 15:40:10
(epstopdf)                    size: 35956 bytes
(epstopdf)             Command: <epstopdf --outfile=lena512-eps-converted-to.pd
f lena512.eps>
(epstopdf)             \includegraphics on input line 119.
Package epstopdf Info: Output file is already uptodate.

<lena512-eps-converted-to.pdf, id=1658, 514.92375pt x 514.92375pt>
File: lena512-eps-converted-to.pdf Graphic file (type pdf)

<use lena512-eps-converted-to.pdf>
Package epstopdf Info: Source file: <lena_msb_678.eps>
(epstopdf)                    date: 2012-12-11 15:38:58
(epstopdf)                    size: 368188 bytes
(epstopdf)             Output file: <lena_msb_678-eps-converted-to.pdf>
(epstopdf)                    date: 2012-12-11 15:40:12
(epstopdf)                    size: 36291 bytes
(epstopdf)             Command: <epstopdf --outfile=lena_msb_678-eps-converted-
to.pdf lena_msb_678.eps>
(epstopdf)             \includegraphics on input line 125.
Package epstopdf Info: Output file is already uptodate.

<lena_msb_678-eps-converted-to.pdf, id=1659, 514.92375pt x 514.92375pt>
File: lena_msb_678-eps-converted-to.pdf Graphic file (type pdf)

<use lena_msb_678-eps-converted-to.pdf>
Package epstopdf Info: Source file: <lena_lsb_1234_facteur17.eps>
(epstopdf)                    date: 2012-12-11 15:39:18
(epstopdf)                    size: 995364 bytes
(epstopdf)             Output file: <lena_lsb_1234_facteur17-eps-converted-to.p
df>
(epstopdf)                    date: 2012-12-11 15:40:12
(epstopdf)                    size: 223516 bytes
(epstopdf)             Command: <epstopdf --outfile=lena_lsb_1234_facteur17-eps
-converted-to.pdf lena_lsb_1234_facteur17.eps>
(epstopdf)             \includegraphics on input line 131.
Package epstopdf Info: Output file is already uptodate.

<lena_lsb_1234_facteur17-eps-converted-to.pdf, id=1660, 514.92375pt x 514.92375
pt>
File: lena_lsb_1234_facteur17-eps-converted-to.pdf Graphic file (type pdf)
 <use lena_lsb_1234_facteur17-eps-converted-to.pdf> [98pdfTeX warning (ext4): d
estination with the same identifier (name{figure.7.4}) has been already used, d
uplicate ignored

\AtBegShi@Output ...ipout \box \AtBeginShipoutBox 
                                                  \fi \fi 
l.149 
       <./lena512-eps-converted-to.pdf> <./lena_msb_678-eps-converted-to.pdf> <
./lena_lsb_1234_facteur17-eps-converted-to.pdf>]
Package epstopdf Info: Source file: <organigramme22.eps>
(epstopdf)                    date: 2012-12-11 15:39:56
(epstopdf)                    size: 157693 bytes
(epstopdf)             Output file: <organigramme22-eps-converted-to.pdf>
(epstopdf)                    date: 2012-12-11 15:40:14
(epstopdf)                    size: 23560 bytes
(epstopdf)             Command: <epstopdf --outfile=organigramme22-eps-converte
d-to.pdf organigramme22.eps>
(epstopdf)             \includegraphics on input line 168.
Package epstopdf Info: Output file is already uptodate.

<organigramme22-eps-converted-to.pdf, id=1679, 503.8825pt x 589.20125pt>
File: organigramme22-eps-converted-to.pdf Graphic file (type pdf)

<use organigramme22-eps-converted-to.pdf>
Package epstopdf Info: Source file: <nios.eps>
(epstopdf)                    date: 2012-11-26 16:21:46
(epstopdf)                    size: 17990 bytes
(epstopdf)             Output file: <nios-eps-converted-to.pdf>
(epstopdf)                    date: 2012-12-13 14:50:49
(epstopdf)                    size: 8786 bytes
(epstopdf)             Command: <epstopdf --outfile=nios-eps-converted-to.pdf n
ios.eps>
(epstopdf)             \includegraphics on input line 176.
Package epstopdf Info: Output file is already uptodate.

<nios-eps-converted-to.pdf, id=1680, 477.785pt x 185.69376pt>
File: nios-eps-converted-to.pdf Graphic file (type pdf)

<use nios-eps-converted-to.pdf>
Package epstopdf Info: Source file: <nios2.eps>
(epstopdf)                    date: 2012-11-26 16:21:46
(epstopdf)                    size: 86578 bytes
(epstopdf)             Output file: <nios2-eps-converted-to.pdf>
(epstopdf)                    date: 2012-12-13 14:50:50
(epstopdf)                    size: 54973 bytes
(epstopdf)             Command: <epstopdf --outfile=nios2-eps-converted-to.pdf 
nios2.eps>
(epstopdf)             \includegraphics on input line 178.
Package epstopdf Info: Output file is already uptodate.

<nios2-eps-converted-to.pdf, id=1681, 891.33pt x 435.6275pt>
File: nios2-eps-converted-to.pdf Graphic file (type pdf)

<use nios2-eps-converted-to.pdf>
Overfull \hbox (2.73749pt too wide) in paragraph at lines 176--179
 [][] 
 []


LaTeX Warning: `!h' float specifier changed to `!ht'.

[99]
Package epstopdf Info: Source file: <lena512.eps>
(epstopdf)                    date: 2012-12-11 15:38:38
(epstopdf)                    size: 330255 bytes
(epstopdf)             Output file: <lena512-eps-converted-to.pdf>
(epstopdf)                    date: 2012-12-11 15:40:10
(epstopdf)                    size: 35956 bytes
(epstopdf)             Command: <epstopdf --outfile=lena512-eps-converted-to.pd
f lena512.eps>
(epstopdf)             \includegraphics on input line 189.
Package epstopdf Info: Output file is already uptodate.
File: lena512-eps-converted-to.pdf Graphic file (type pdf)
 <use lena512-eps-converted-to.pdf>
Package epstopdf Info: Source file: <invader1.eps>
(epstopdf)                    date: 2012-12-12 10:02:56
(epstopdf)                    size: 13944 bytes
(epstopdf)             Output file: <invader1-eps-converted-to.pdf>
(epstopdf)                    date: 2012-12-12 10:03:22
(epstopdf)                    size: 4172 bytes
(epstopdf)             Command: <epstopdf --outfile=invader1-eps-converted-to.p
df invader1.eps>
(epstopdf)             \includegraphics on input line 192.
Package epstopdf Info: Output file is already uptodate.

<invader1-eps-converted-to.pdf, id=1692, 217.81375pt x 217.81375pt>
File: invader1-eps-converted-to.pdf Graphic file (type pdf)

<use invader1-eps-converted-to.pdf>
Package epstopdf Info: Source file: <output_lena.eps>
(epstopdf)                    date: 2012-12-12 14:20:08
(epstopdf)                    size: 346402 bytes
(epstopdf)             Output file: <output_lena-eps-converted-to.pdf>
(epstopdf)                    date: 2012-12-12 14:22:16
(epstopdf)                    size: 228362 bytes
(epstopdf)             Command: <epstopdf --outfile=output_lena-eps-converted-t
o.pdf output_lena.eps>
(epstopdf)             \includegraphics on input line 200.
Package epstopdf Info: Output file is already uptodate.

<output_lena-eps-converted-to.pdf, id=1693, 445.665pt x 383.4325pt>
File: output_lena-eps-converted-to.pdf Graphic file (type pdf)

<use output_lena-eps-converted-to.pdf>
Package epstopdf Info: Source file: <diff.eps>
(epstopdf)                    date: 2012-12-12 14:19:44
(epstopdf)                    size: 44197 bytes
(epstopdf)             Output file: <diff-eps-converted-to.pdf>
(epstopdf)                    date: 2012-12-12 14:22:18
(epstopdf)                    size: 15838 bytes
(epstopdf)             Command: <epstopdf --outfile=diff-eps-converted-to.pdf d
iff.eps>
(epstopdf)             \includegraphics on input line 201.
Package epstopdf Info: Output file is already uptodate.

<diff-eps-converted-to.pdf, id=1694, 445.665pt x 383.4325pt>
File: diff-eps-converted-to.pdf Graphic file (type pdf)

<use diff-eps-converted-to.pdf>
Package epstopdf Info: Source file: <start.eps>
(epstopdf)                    date: 2012-12-12 13:34:18
(epstopdf)                    size: 19519 bytes
(epstopdf)             Output file: <start-eps-converted-to.pdf>
(epstopdf)                    date: 2012-12-12 13:38:32
(epstopdf)                    size: 10701 bytes
(epstopdf)             Command: <epstopdf --outfile=start-eps-converted-to.pdf 
start.eps>
(epstopdf)             \includegraphics on input line 209.
Package epstopdf Info: Output file is already uptodate.

<start-eps-converted-to.pdf, id=1700, 773.89125pt x 433.62pt>
File: start-eps-converted-to.pdf Graphic file (type pdf)

<use start-eps-converted-to.pdf>
Package epstopdf Info: Source file: <chooseFile.eps>
(epstopdf)                    date: 2012-12-12 13:47:02
(epstopdf)                    size: 27473 bytes
(epstopdf)             Output file: <chooseFile-eps-converted-to.pdf>
(epstopdf)                    date: 2012-12-12 13:49:34
(epstopdf)                    size: 11558 bytes
(epstopdf)             Command: <epstopdf --outfile=chooseFile-eps-converted-to
.pdf chooseFile.eps>
(epstopdf)             \includegraphics on input line 211.
Package epstopdf Info: Output file is already uptodate.

<chooseFile-eps-converted-to.pdf, id=1701, 669.50125pt x 363.3575pt>
File: chooseFile-eps-converted-to.pdf Graphic file (type pdf)

<use chooseFile-eps-converted-to.pdf>
Package epstopdf Info: Source file: <chooseImage.eps>
(epstopdf)                    date: 2012-12-12 13:52:24
(epstopdf)                    size: 576440 bytes
(epstopdf)             Output file: <chooseImage-eps-converted-to.pdf>
(epstopdf)                    date: 2012-12-12 13:53:14
(epstopdf)                    size: 63601 bytes
(epstopdf)             Command: <epstopdf --outfile=chooseImage-eps-converted-t
o.pdf chooseImage.eps>
(epstopdf)             \includegraphics on input line 213.
Package epstopdf Info: Output file is already uptodate.

<chooseImage-eps-converted-to.pdf, id=1702, 1200.485pt x 442.65375pt>
File: chooseImage-eps-converted-to.pdf Graphic file (type pdf)

<use chooseImage-eps-converted-to.pdf> [100pdfTeX warning (ext4): destination w
ith the same identifier (name{figure.7.5}) has been already used, duplicate ign
ored

\AtBegShi@Output ...ipout \box \AtBeginShipoutBox 
                                                  \fi \fi 
l.234 
       <./organigramme22-eps-converted-to.pdf>] [101pdfTeX warning (ext4): dest
ination with the same identifier (name{figure.7.6}) has been already used, dupl
icate ignored

\AtBegShi@Output ...ipout \box \AtBeginShipoutBox 
                                                  \fi \fi 
l.234 
      pdfTeX warning (ext4): destination with the same identifier (name{figure.
7.7}) has been already used, duplicate ignored

\AtBegShi@Output ...ipout \box \AtBeginShipoutBox 
                                                  \fi \fi 
l.234 
       <./nios-eps-converted-to.pdf> <./nios2-eps-converted-to.pdf> <./invader1
-eps-converted-to.pdf>]
Package epstopdf Info: Source file: <lennaDecoupe100px.eps>
(epstopdf)                    date: 2012-12-13 14:53:43
(epstopdf)                    size: 138652 bytes
(epstopdf)             Output file: <lennaDecoupe100px-eps-converted-to.pdf>
(epstopdf)                    date: 2012-12-13 14:56:07
(epstopdf)                    size: 21360 bytes
(epstopdf)             Command: <epstopdf --outfile=lennaDecoupe100px-eps-conve
rted-to.pdf lennaDecoupe100px.eps>
(epstopdf)             \includegraphics on input line 254.
Package epstopdf Info: Output file is already uptodate.

<lennaDecoupe100px-eps-converted-to.pdf, id=1747, 256.96pt x 256.96pt>
File: lennaDecoupe100px-eps-converted-to.pdf Graphic file (type pdf)

<use lennaDecoupe100px-eps-converted-to.pdf>
Package epstopdf Info: Source file: <lennaTourne25d.eps>
(epstopdf)                    date: 2012-12-13 14:54:39
(epstopdf)                    size: 138667 bytes
(epstopdf)             Output file: <lennaTourne25d-eps-converted-to.pdf>
(epstopdf)                    date: 2012-12-13 14:56:07
(epstopdf)                    size: 27023 bytes
(epstopdf)             Command: <epstopdf --outfile=lennaTourne25d-eps-converte
d-to.pdf lennaTourne25d.eps>
(epstopdf)             \includegraphics on input line 260.
Package epstopdf Info: Output file is already uptodate.

<lennaTourne25d-eps-converted-to.pdf, id=1748, 256.96pt x 256.96pt>
File: lennaTourne25d-eps-converted-to.pdf Graphic file (type pdf)

<use lennaTourne25d-eps-converted-to.pdf>
Package epstopdf Info: Source file: <invaderDechiffreDecoupe100px.eps>
(epstopdf)                    date: 2012-12-13 14:55:11
(epstopdf)                    size: 6788 bytes
(epstopdf)             Output file: <invaderDechiffreDecoupe100px-eps-converted
-to.pdf>
(epstopdf)                    date: 2012-12-13 14:56:07
(epstopdf)                    size: 2780 bytes
(epstopdf)             Command: <epstopdf --outfile=invaderDechiffreDecoupe100p
x-eps-converted-to.pdf invaderDechiffreDecoupe100px.eps>
(epstopdf)             \includegraphics on input line 295.
Package epstopdf Info: Output file is already uptodate.

<invaderDechiffreDecoupe100px-eps-converted-to.pdf, id=1750, 64.24pt x 64.24pt>
File: invaderDechiffreDecoupe100px-eps-converted-to.pdf Graphic file (type pdf)

<use invaderDechiffreDecoupe100px-eps-converted-to.pdf>
Package epstopdf Info: Source file: <invaderDechiffreDecoupeAuth100px.eps>
(epstopdf)                    date: 2012-12-13 14:55:45
(epstopdf)                    size: 5030 bytes
(epstopdf)             Output file: <invaderDechiffreDecoupeAuth100px-eps-conve
rted-to.pdf>
(epstopdf)                    date: 2012-12-13 14:56:07
(epstopdf)                    size: 3668 bytes
(epstopdf)             Command: <epstopdf --outfile=invaderDechiffreDecoupeAuth
100px-eps-converted-to.pdf invaderDechiffreDecoupeAuth100px.eps>
(epstopdf)             \includegraphics on input line 301.
Package epstopdf Info: Output file is already uptodate.

<invaderDechiffreDecoupeAuth100px-eps-converted-to.pdf, id=1751, 65.24374pt x 6
5.24374pt>
File: invaderDechiffreDecoupeAuth100px-eps-converted-to.pdf Graphic file (type 
pdf)
 <use invaderDechiffreDecoupeAuth100px-eps-converted-to.pdf>
Package epstopdf Info: Source file: <invaderDechiffreDecoupeAuth50px.eps>
(epstopdf)                    date: 2012-12-13 14:55:59
(epstopdf)                    size: 3704 bytes
(epstopdf)             Output file: <invaderDechiffreDecoupeAuth50px-eps-conver
ted-to.pdf>
(epstopdf)                    date: 2012-12-13 14:56:07
(epstopdf)                    size: 3568 bytes
(epstopdf)             Command: <epstopdf --outfile=invaderDechiffreDecoupeAuth
50px-eps-converted-to.pdf invaderDechiffreDecoupeAuth50px.eps>
(epstopdf)             \includegraphics on input line 307.
Package epstopdf Info: Output file is already uptodate.

<invaderDechiffreDecoupeAuth50px-eps-converted-to.pdf, id=1752, 65.24374pt x 65
.24374pt>
File: invaderDechiffreDecoupeAuth50px-eps-converted-to.pdf Graphic file (type p
df)
 <use invaderDechiffreDecoupeAuth50px-eps-converted-to.pdf> [102pdfTeX warning 
(ext4): destination with the same identifier (name{figure.7.8}) has been alread
y used, duplicate ignored

\AtBegShi@Output ...ipout \box \AtBeginShipoutBox 
                                                  \fi \fi 
l.322 
       <./output_lena-eps-converted-to.pdf> <./diff-eps-converted-to.pdf>]
[103pdfTeX warning (ext4): destination with the same identifier (name{figure.7.
9}) has been already used, duplicate ignored

\AtBegShi@Output ...ipout \box \AtBeginShipoutBox 
                                                  \fi \fi 
l.322 
       <./start-eps-converted-to.pdf> <./chooseFile-eps-converted-to.pdf> <./ch
ooseImage-eps-converted-to.pdf>] [104pdfTeX warning (ext4): destination with th
e same identifier (name{figure.7.10}) has been already used, duplicate ignored

\AtBegShi@Output ...ipout \box \AtBeginShipoutBox 
                                                  \fi \fi 
l.358 
      pdfTeX warning (ext4): destination with the same identifier (name{figure.
7.11}) has been already used, duplicate ignored

\AtBegShi@Output ...ipout \box \AtBeginShipoutBox 
                                                  \fi \fi 
l.358 
       <./lennaDecoupe100px-eps-converted-to.pdf> <./lennaTourne25d-eps-convert
ed-to.pdf> <./invaderDechiffreDecoupe100px-eps-converted-to.pdf> <./invaderDech
iffreDecoupeAuth100px-eps-converted-to.pdf> <./invaderDechiffreDecoupeAuth50px-
eps-converted-to.pdf>]) [105] (./main.bbl (./main.brf)
\tf@brf=\write7
\openout7 = `main.brf'.

 [106


]
Underfull \hbox (badness 4699) in paragraph at lines 16--16
[]\T1/txr/m/n/10.95 Verilog hdl.  http://www.verilog.com/IEEEVerilog.html, 2008
.  Ac-cessed:
 []


Underfull \hbox (badness 10000) in paragraph at lines 21--21
[]\T1/txr/m/n/10.95 Introduction to the al-tera nios ii soft pro-ces-sor.
 []


Underfull \hbox (badness 3029) in paragraph at lines 21--21
\T1/txr/m/n/10.95 http://coen.boisestate.edu/smloo/files/2011/11/, 2011.  Ac-ce
ssed: 30/09/2012.
 []

[107] [108] [109] [110])
Package minitoc Info: I0009
(minitoc)             Listing minitoc auxiliary files. 
(minitoc)             Creating the main.maf file.
\openout3 = `main.maf'.



Package minitoc(hints) Warning: W0059
(minitoc(hints))                You have used \minitoc, 
(minitoc(hints))                but not \dominitoc.


Package minitoc(hints) Warning: W0068
(minitoc(hints))                You have used \minitoc but not 
(minitoc(hints))                \tableofcontents
(minitoc(hints))                nor \faketableofcontents.

Package minitoc(hints) Info: I0053
(minitoc(hints))             You have loaded the float package; 
(minitoc(hints))             please be aware that the minitoc package 
(minitoc(hints))             facilities can not be used for new types 
(minitoc(hints))             of floats defined by the float package.

Package minitoc(hints) Warning: W0024
(minitoc(hints))                Some hints have been written 
(minitoc(hints))                in the main.log file.

[111]
\tf@thm=\write8
\openout8 = `main.thm'.

 (./main.aux (./part1_introduction.aux) (./part2_reviewsOfBasic.aux)
(./part3_TheDesignAndDevelopmentOfCIPRNG.aux)
(./part4_StatisticalTestForRandomness.aux)
(./part5_optimazationTechnologyChaoticIteration.aux) (./part6_FPGADesign.aux)
(./part7_CIPRNGUsedInApplication.aux))

LaTeX Warning: There were undefined references.


LaTeX Warning: There were multiply-defined labels.

 ) 
Here is how much of TeX's memory you used:
 11647 strings out of 493848
 165125 string characters out of 1152823
 279537 words of memory out of 3000000
 13663 multiletter control sequences out of 15000+50000
 143526 words of font info for 232 fonts, out of 3000000 for 9000
 714 hyphenation exceptions out of 8191
 38i,21n,47p,1179b,573s stack positions out of 5000i,500n,10000p,200000b,50000s
{/usr/share/texmf-texlive/fonts/enc/dvips/base/8r.enc}</usr/share/texmf-texli
ve/fonts/type1/public/doublestroke/dsrom10.pfb></usr/share/texmf-texlive/fonts/
type1/public/doublestroke/dsrom8.pfb></usr/share/texmf-texlive/fonts/type1/publ
ic/amsfonts/latxfont/line10.pfb></usr/share/texmf-texlive/fonts/type1/public/tx
fonts/rtxb.pfb></usr/share/texmf-texlive/fonts/type1/public/txfonts/rtxbsc.pfb>
</usr/share/texmf-texlive/fonts/type1/public/txfonts/rtxi.pfb></usr/share/texmf
-texlive/fonts/type1/public/txfonts/rtxmi.pfb></usr/share/texmf-texlive/fonts/t
ype1/public/txfonts/rtxr.pfb></usr/share/texmf-texlive/fonts/type1/public/txfon
ts/rtxsc.pfb></usr/share/texmf-texlive/fonts/type1/hoekwater/stmaryrd/stmary10.
pfb></usr/share/texmf-texlive/fonts/type1/public/txfonts/txex.pfb></usr/share/t
exmf-texlive/fonts/type1/public/txfonts/txsy.pfb></usr/share/texmf-texlive/font
s/type1/public/txfonts/txsya.pfb></usr/share/texmf-texlive/fonts/type1/public/t
xfonts/txsyb.pfb></usr/share/texmf-texlive/fonts/type1/public/txfonts/txsyc.pfb
></usr/share/texmf-texlive/fonts/type1/urw/helvetic/uhvr8a.pfb></usr/share/texm
f-texlive/fonts/type1/urw/times/utmb8a.pfb></usr/share/texmf-texlive/fonts/type
1/urw/times/utmr8a.pfb></usr/share/texmf-texlive/fonts/type1/urw/times/utmri8a.
pfb>
Output written on main.pdf (113 pages, 4973905 bytes).
PDF statistics:
 2113 PDF objects out of 2487 (max. 8388607)
 612 named destinations out of 1000 (max. 500000)
 1209 words of extra memory for PDF output out of 10000 (max. 10000000)

